<?xml version="1.0" encoding="UTF-8"?>
<coverage generated="1781656677856" clover="3.2.0">
  <project timestamp="1781656677856" name="All files">
    <metrics statements="145" coveredstatements="114" conditionals="100" coveredconditionals="80" methods="95" coveredmethods="78" elements="340" coveredelements="272" complexity="0" loc="145" ncloc="145" packages="4" files="13" classes="13"/>
    <package name="components">
      <metrics statements="11" coveredstatements="11" conditionals="16" coveredconditionals="16" methods="6" coveredmethods="6"/>
      <file name="AlertBanner.tsx" path="C:\Users\brice\Team8_CC_React\CareConnect\careconnect-react\src\components\AlertBanner.tsx">
        <metrics statements="1" coveredstatements="1" conditionals="3" coveredconditionals="3" methods="1" coveredmethods="1"/>
        <line num="14" count="7" type="stmt"/>
      </file>
      <file name="AppBar.tsx" path="C:\Users\brice\Team8_CC_React\CareConnect\careconnect-react\src\components\AppBar.tsx">
        <metrics statements="2" coveredstatements="2" conditionals="5" coveredconditionals="5" methods="1" coveredmethods="1"/>
        <line num="14" count="9" type="stmt"/>
        <line num="16" count="9" type="stmt"/>
      </file>
      <file name="BottomNav.tsx" path="C:\Users\brice\Team8_CC_React\CareConnect\careconnect-react\src\components\BottomNav.tsx">
        <metrics statements="7" coveredstatements="7" conditionals="8" coveredconditionals="8" methods="3" coveredmethods="3"/>
        <line num="6" count="1" type="stmt"/>
        <line num="20" count="9" type="stmt"/>
        <line num="22" count="9" type="stmt"/>
        <line num="32" count="45" type="stmt"/>
        <line num="33" count="45" type="stmt"/>
        <line num="34" count="45" type="stmt"/>
        <line num="37" count="5" type="stmt"/>
      </file>
      <file name="StatCard.tsx" path="C:\Users\brice\Team8_CC_React\CareConnect\careconnect-react\src\components\StatCard.tsx">
        <metrics statements="1" coveredstatements="1" conditionals="0" coveredconditionals="0" methods="1" coveredmethods="1"/>
        <line num="13" count="4" type="stmt"/>
      </file>
    </package>
    <package name="screens">
      <metrics statements="36" coveredstatements="31" conditionals="50" coveredconditionals="39" methods="15" coveredmethods="8"/>
      <file name="LoginScreen.tsx" path="C:\Users\brice\Team8_CC_React\CareConnect\careconnect-react\src\screens\LoginScreen.tsx">
        <metrics statements="36" coveredstatements="31" conditionals="50" coveredconditionals="39" methods="15" coveredmethods="8"/>
        <line num="13" count="37" type="stmt"/>
        <line num="14" count="37" type="stmt"/>
        <line num="15" count="37" type="stmt"/>
        <line num="16" count="37" type="stmt"/>
        <line num="17" count="37" type="stmt"/>
        <line num="18" count="37" type="stmt"/>
        <line num="19" count="37" type="stmt"/>
        <line num="20" count="37" type="stmt"/>
        <line num="22" count="37" type="stmt"/>
        <line num="23" count="7" type="stmt"/>
        <line num="24" count="7" type="cond" truecount="2" falsecount="0"/>
        <line num="25" count="7" type="cond" truecount="2" falsecount="0"/>
        <line num="26" count="7" type="stmt"/>
        <line num="27" count="7" type="cond" truecount="2" falsecount="0"/>
        <line num="30" count="37" type="stmt"/>
        <line num="31" count="7" type="cond" truecount="1" falsecount="1"/>
        <line num="32" count="7" type="stmt"/>
        <line num="33" count="7" type="cond" truecount="2" falsecount="0"/>
        <line num="34" count="3" type="stmt"/>
        <line num="37" count="37" type="stmt"/>
        <line num="38" count="5" type="stmt"/>
        <line num="39" count="5" type="cond" truecount="1" falsecount="1"/>
        <line num="40" count="5" type="cond" truecount="1" falsecount="1"/>
        <line num="43" count="37" type="stmt"/>
        <line num="44" count="5" type="stmt"/>
        <line num="45" count="5" type="cond" truecount="1" falsecount="1"/>
        <line num="46" count="5" type="cond" truecount="1" falsecount="1"/>
        <line num="49" count="37" type="stmt"/>
        <line num="66" count="74" type="stmt"/>
        <line num="102" count="0" type="stmt"/>
        <line num="103" count="0" type="stmt"/>
        <line num="122" count="0" type="stmt"/>
        <line num="123" count="0" type="stmt"/>
        <line num="128" count="0" type="stmt"/>
        <line num="139" count="1" type="stmt"/>
        <line num="172" count="1" type="stmt"/>
      </file>
    </package>
    <package name="store">
      <metrics statements="92" coveredstatements="66" conditionals="34" coveredconditionals="25" methods="74" coveredmethods="64"/>
      <file name="accountStore.ts" path="C:\Users\brice\Team8_CC_React\CareConnect\careconnect-react\src\store\accountStore.ts">
        <metrics statements="42" coveredstatements="16" conditionals="14" coveredconditionals="5" methods="18" coveredmethods="8"/>
        <line num="4" count="1" type="stmt"/>
        <line num="29" count="13" type="stmt"/>
        <line num="30" count="13" type="stmt"/>
        <line num="31" count="13" type="cond" truecount="1" falsecount="1"/>
        <line num="33" count="0" type="stmt"/>
        <line num="38" count="0" type="stmt"/>
        <line num="42" count="10" type="stmt"/>
        <line num="45" count="1" type="stmt"/>
        <line num="54" count="13" type="cond" truecount="3" falsecount="1"/>
        <line num="55" count="13" type="stmt"/>
        <line num="56" count="13" type="stmt"/>
        <line num="58" count="13" type="stmt"/>
        <line num="59" count="13" type="stmt"/>
        <line num="61" count="13" type="cond" truecount="1" falsecount="1"/>
        <line num="62" count="13" type="stmt"/>
        <line num="63" count="13" type="stmt"/>
        <line num="66" count="0" type="cond" truecount="0" falsecount="2"/>
        <line num="67" count="0" type="stmt"/>
        <line num="68" count="0" type="stmt"/>
        <line num="71" count="0" type="stmt"/>
        <line num="82" count="0" type="stmt"/>
        <line num="83" count="0" type="stmt"/>
        <line num="85" count="0" type="stmt"/>
        <line num="86" count="0" type="stmt"/>
        <line num="88" count="0" type="cond" truecount="0" falsecount="2"/>
        <line num="89" count="0" type="stmt"/>
        <line num="90" count="0" type="stmt"/>
        <line num="93" count="0" type="stmt"/>
        <line num="94" count="0" type="stmt"/>
        <line num="96" count="0" type="stmt"/>
        <line num="104" count="0" type="stmt"/>
        <line num="108" count="0" type="stmt"/>
        <line num="109" count="0" type="stmt"/>
        <line num="113" count="0" type="stmt"/>
        <line num="114" count="0" type="stmt"/>
        <line num="115" count="0" type="cond" truecount="0" falsecount="2"/>
        <line num="116" count="0" type="stmt"/>
        <line num="117" count="0" type="stmt"/>
        <line num="118" count="0" type="stmt"/>
        <line num="121" count="0" type="stmt"/>
        <line num="123" count="4" type="stmt"/>
        <line num="126" count="5" type="stmt"/>
      </file>
      <file name="appointmentsStore.ts" path="C:\Users\brice\Team8_CC_React\CareConnect\careconnect-react\src\store\appointmentsStore.ts">
        <metrics statements="9" coveredstatements="9" conditionals="6" coveredconditionals="6" methods="12" coveredmethods="12"/>
        <line num="12" count="1" type="stmt"/>
        <line num="42" count="1" type="stmt"/>
        <line num="45" count="5" type="stmt"/>
        <line num="49" count="6" type="stmt"/>
        <line num="51" count="18" type="cond" truecount="2" falsecount="0"/>
        <line num="55" count="4" type="stmt"/>
        <line num="57" count="12" type="cond" truecount="2" falsecount="0"/>
        <line num="61" count="5" type="stmt"/>
        <line num="63" count="15" type="cond" truecount="2" falsecount="0"/>
      </file>
      <file name="careTeamStore.ts" path="C:\Users\brice\Team8_CC_React\CareConnect\careconnect-react\src\store\careTeamStore.ts">
        <metrics statements="7" coveredstatements="7" conditionals="2" coveredconditionals="2" methods="9" coveredmethods="9"/>
        <line num="11" count="1" type="stmt"/>
        <line num="38" count="1" type="stmt"/>
        <line num="41" count="6" type="stmt"/>
        <line num="45" count="7" type="stmt"/>
        <line num="46" count="18" type="stmt"/>
        <line num="49" count="9" type="stmt"/>
        <line num="50" count="27" type="cond" truecount="2" falsecount="0"/>
      </file>
      <file name="healthMetricsStore.ts" path="C:\Users\brice\Team8_CC_React\CareConnect\careconnect-react\src\store\healthMetricsStore.ts">
        <metrics statements="9" coveredstatements="9" conditionals="4" coveredconditionals="4" methods="6" coveredmethods="6"/>
        <line num="10" count="1" type="stmt"/>
        <line num="11" count="28" type="stmt"/>
        <line num="13" count="1" type="stmt"/>
        <line num="80" count="1" type="stmt"/>
        <line num="85" count="11" type="stmt"/>
        <line num="86" count="11" type="stmt"/>
        <line num="87" count="11" type="stmt"/>
        <line num="88" count="11" type="stmt"/>
        <line num="91" count="44" type="cond" truecount="2" falsecount="0"/>
      </file>
      <file name="healthReportsStore.ts" path="C:\Users\brice\Team8_CC_React\CareConnect\careconnect-react\src\store\healthReportsStore.ts">
        <metrics statements="6" coveredstatements="6" conditionals="0" coveredconditionals="0" methods="4" coveredmethods="4"/>
        <line num="10" count="1" type="stmt"/>
        <line num="27" count="1" type="stmt"/>
        <line num="32" count="12" type="stmt"/>
        <line num="33" count="12" type="stmt"/>
        <line num="34" count="12" type="stmt"/>
        <line num="41" count="12" type="stmt"/>
      </file>
      <file name="medicationsStore.ts" path="C:\Users\brice\Team8_CC_React\CareConnect\careconnect-react\src\store\medicationsStore.ts">
        <metrics statements="10" coveredstatements="10" conditionals="4" coveredconditionals="4" methods="13" coveredmethods="13"/>
        <line num="14" count="1" type="stmt"/>
        <line num="23" count="1" type="stmt"/>
        <line num="27" count="6" type="stmt"/>
        <line num="28" count="36" type="cond" truecount="2" falsecount="0"/>
        <line num="31" count="4" type="stmt"/>
        <line num="32" count="24" type="cond" truecount="2" falsecount="0"/>
        <line num="35" count="5" type="stmt"/>
        <line num="37" count="6" type="stmt"/>
        <line num="41" count="10" type="stmt"/>
        <line num="42" count="45" type="stmt"/>
      </file>
      <file name="remindersStore.ts" path="C:\Users\brice\Team8_CC_React\CareConnect\careconnect-react\src\store\remindersStore.ts">
        <metrics statements="9" coveredstatements="9" conditionals="4" coveredconditionals="4" methods="12" coveredmethods="12"/>
        <line num="12" count="1" type="stmt"/>
        <line num="19" count="1" type="stmt"/>
        <line num="22" count="6" type="stmt"/>
        <line num="26" count="8" type="stmt"/>
        <line num="27" count="26" type="stmt"/>
        <line num="30" count="6" type="stmt"/>
        <line num="31" count="24" type="cond" truecount="2" falsecount="0"/>
        <line num="34" count="6" type="stmt"/>
        <line num="35" count="24" type="cond" truecount="2" falsecount="0"/>
      </file>
    </package>
    <package name="theme">
      <metrics statements="6" coveredstatements="6" conditionals="0" coveredconditionals="0" methods="0" coveredmethods="0"/>
      <file name="styles.ts" path="C:\Users\brice\Team8_CC_React\CareConnect\careconnect-react\src\theme\styles.ts">
        <metrics statements="6" coveredstatements="6" conditionals="0" coveredconditionals="0" methods="0" coveredmethods="0"/>
        <line num="1" count="5" type="stmt"/>
        <line num="25" count="5" type="stmt"/>
        <line num="36" count="5" type="stmt"/>
        <line num="44" count="5" type="stmt"/>
        <line num="56" count="5" type="stmt"/>
        <line num="68" count="5" type="stmt"/>
      </file>
    </package>
  </project>
</coverage>
