<?xml version="1.0" encoding="UTF-8"?>
<coverage generated="1781660579846" clover="3.2.0">
  <project timestamp="1781660579846" name="All files">
    <metrics statements="192" coveredstatements="105" conditionals="133" coveredconditionals="66" methods="109" coveredmethods="73" elements="434" coveredelements="244" complexity="0" loc="192" ncloc="192" packages="4" files="13" classes="13"/>
    <package name="components">
      <metrics statements="11" coveredstatements="11" conditionals="16" coveredconditionals="16" methods="6" coveredmethods="6"/>
      <file name="AlertBanner.tsx" path="C:\Users\David\Documents\SWEN661\Team8_CC_React\CareConnect\careconnect-react\src\components\AlertBanner.tsx">
        <metrics statements="1" coveredstatements="1" conditionals="3" coveredconditionals="3" methods="1" coveredmethods="1"/>
        <line num="14" count="7" type="stmt"/>
      </file>
      <file name="AppBar.tsx" path="C:\Users\David\Documents\SWEN661\Team8_CC_React\CareConnect\careconnect-react\src\components\AppBar.tsx">
        <metrics statements="2" coveredstatements="2" conditionals="5" coveredconditionals="5" methods="1" coveredmethods="1"/>
        <line num="14" count="9" type="stmt"/>
        <line num="16" count="9" type="stmt"/>
      </file>
      <file name="BottomNav.tsx" path="C:\Users\David\Documents\SWEN661\Team8_CC_React\CareConnect\careconnect-react\src\components\BottomNav.tsx">
        <metrics statements="7" coveredstatements="7" conditionals="8" coveredconditionals="8" methods="3" coveredmethods="3"/>
        <line num="6" count="1" type="stmt"/>
        <line num="20" count="9" type="stmt"/>
        <line num="22" count="9" type="stmt"/>
        <line num="32" count="45" type="stmt"/>
        <line num="33" count="45" type="stmt"/>
        <line num="34" count="45" type="stmt"/>
        <line num="37" count="5" type="stmt"/>
      </file>
      <file name="StatCard.tsx" path="C:\Users\David\Documents\SWEN661\Team8_CC_React\CareConnect\careconnect-react\src\components\StatCard.tsx">
        <metrics statements="1" coveredstatements="1" conditionals="0" coveredconditionals="0" methods="1" coveredmethods="1"/>
        <line num="13" count="4" type="stmt"/>
      </file>
    </package>
    <package name="screens">
      <metrics statements="53" coveredstatements="20" conditionals="71" coveredconditionals="25" methods="19" coveredmethods="3"/>
      <file name="LoginScreen.tsx" path="C:\Users\David\Documents\SWEN661\Team8_CC_React\CareConnect\careconnect-react\src\screens\LoginScreen.tsx">
        <metrics statements="53" coveredstatements="20" conditionals="71" coveredconditionals="25" methods="19" coveredmethods="3"/>
        <line num="14" count="20" type="stmt"/>
        <line num="15" count="20" type="stmt"/>
        <line num="17" count="20" type="stmt"/>
        <line num="18" count="19" type="stmt"/>
        <line num="19" count="19" type="stmt"/>
        <line num="20" count="19" type="stmt"/>
        <line num="21" count="19" type="stmt"/>
        <line num="22" count="19" type="stmt"/>
        <line num="23" count="19" type="stmt"/>
        <line num="24" count="19" type="stmt"/>
        <line num="26" count="19" type="stmt"/>
        <line num="27" count="19" type="stmt"/>
        <line num="28" count="0" type="stmt"/>
        <line num="29" count="0" type="stmt"/>
        <line num="30" count="0" type="stmt"/>
        <line num="31" count="0" type="stmt"/>
        <line num="32" count="0" type="cond" truecount="0" falsecount="5"/>
        <line num="33" count="0" type="stmt"/>
        <line num="34" count="0" type="stmt"/>
        <line num="39" count="19" type="stmt"/>
        <line num="40" count="0" type="stmt"/>
        <line num="46" count="0" type="cond" truecount="0" falsecount="2"/>
        <line num="47" count="0" type="stmt"/>
        <line num="51" count="19" type="stmt"/>
        <line num="52" count="0" type="stmt"/>
        <line num="53" count="0" type="cond" truecount="0" falsecount="2"/>
        <line num="54" count="0" type="cond" truecount="0" falsecount="2"/>
        <line num="55" count="0" type="stmt"/>
        <line num="56" count="0" type="cond" truecount="0" falsecount="2"/>
        <line num="59" count="19" type="stmt"/>
        <line num="60" count="0" type="cond" truecount="0" falsecount="2"/>
        <line num="61" count="0" type="stmt"/>
        <line num="62" count="0" type="cond" truecount="0" falsecount="2"/>
        <line num="63" count="0" type="stmt"/>
        <line num="66" count="19" type="stmt"/>
        <line num="67" count="0" type="stmt"/>
        <line num="68" count="0" type="cond" truecount="0" falsecount="2"/>
        <line num="69" count="0" type="cond" truecount="0" falsecount="2"/>
        <line num="72" count="19" type="stmt"/>
        <line num="73" count="0" type="stmt"/>
        <line num="74" count="0" type="cond" truecount="0" falsecount="2"/>
        <line num="75" count="0" type="cond" truecount="0" falsecount="2"/>
        <line num="78" count="19" type="stmt"/>
        <line num="98" count="38" type="stmt"/>
        <line num="99" count="38" type="stmt"/>
        <line num="148" count="0" type="stmt"/>
        <line num="149" count="0" type="stmt"/>
        <line num="168" count="0" type="stmt"/>
        <line num="169" count="0" type="stmt"/>
        <line num="174" count="0" type="stmt"/>
        <line num="185" count="0" type="stmt"/>
        <line num="212" count="0" type="stmt"/>
        <line num="223" count="0" type="stmt"/>
      </file>
    </package>
    <package name="store">
      <metrics statements="122" coveredstatements="68" conditionals="46" coveredconditionals="25" methods="84" coveredmethods="64"/>
      <file name="accountStore.ts" path="C:\Users\David\Documents\SWEN661\Team8_CC_React\CareConnect\careconnect-react\src\store\accountStore.ts">
        <metrics statements="72" coveredstatements="18" conditionals="26" coveredconditionals="5" methods="28" coveredmethods="8"/>
        <line num="4" count="1" type="stmt"/>
        <line num="5" count="1" type="stmt"/>
        <line num="6" count="1" type="stmt"/>
        <line num="43" count="0" type="stmt"/>
        <line num="44" count="0" type="stmt"/>
        <line num="45" count="0" type="cond" truecount="0" falsecount="2"/>
        <line num="47" count="0" type="stmt"/>
        <line num="52" count="13" type="stmt"/>
        <line num="53" count="13" type="stmt"/>
        <line num="54" count="13" type="cond" truecount="1" falsecount="1"/>
        <line num="56" count="0" type="stmt"/>
        <line num="61" count="0" type="stmt"/>
        <line num="65" count="10" type="stmt"/>
        <line num="68" count="1" type="stmt"/>
        <line num="77" count="13" type="cond" truecount="3" falsecount="1"/>
        <line num="78" count="13" type="stmt"/>
        <line num="79" count="13" type="stmt"/>
        <line num="81" count="13" type="stmt"/>
        <line num="82" count="13" type="stmt"/>
        <line num="84" count="13" type="cond" truecount="1" falsecount="1"/>
        <line num="85" count="13" type="stmt"/>
        <line num="86" count="13" type="stmt"/>
        <line num="89" count="0" type="cond" truecount="0" falsecount="2"/>
        <line num="90" count="0" type="stmt"/>
        <line num="91" count="0" type="stmt"/>
        <line num="94" count="0" type="stmt"/>
        <line num="95" count="0" type="stmt"/>
        <line num="106" count="0" type="stmt"/>
        <line num="107" count="0" type="stmt"/>
        <line num="109" count="0" type="stmt"/>
        <line num="110" count="0" type="stmt"/>
        <line num="112" count="0" type="cond" truecount="0" falsecount="2"/>
        <line num="113" count="0" type="stmt"/>
        <line num="114" count="0" type="stmt"/>
        <line num="117" count="0" type="stmt"/>
        <line num="118" count="0" type="stmt"/>
        <line num="120" count="0" type="stmt"/>
        <line num="121" count="0" type="stmt"/>
        <line num="129" count="0" type="stmt"/>
        <line num="133" count="0" type="stmt"/>
        <line num="134" count="0" type="stmt"/>
        <line num="138" count="0" type="stmt"/>
        <line num="139" count="0" type="stmt"/>
        <line num="140" count="0" type="cond" truecount="0" falsecount="2"/>
        <line num="141" count="0" type="stmt"/>
        <line num="142" count="0" type="stmt"/>
        <line num="143" count="0" type="stmt"/>
        <line num="146" count="0" type="stmt"/>
        <line num="148" count="4" type="stmt"/>
        <line num="151" count="5" type="stmt"/>
        <line num="155" count="0" type="stmt"/>
        <line num="156" count="0" type="stmt"/>
        <line num="160" count="0" type="stmt"/>
        <line num="161" count="0" type="cond" truecount="0" falsecount="4"/>
        <line num="162" count="0" type="stmt"/>
        <line num="163" count="0" type="stmt"/>
        <line num="164" count="0" type="cond" truecount="0" falsecount="2"/>
        <line num="165" count="0" type="stmt"/>
        <line num="172" count="0" type="stmt"/>
        <line num="176" count="0" type="stmt"/>
        <line num="177" count="0" type="stmt"/>
        <line num="181" count="0" type="stmt"/>
        <line num="185" count="0" type="stmt"/>
        <line num="186" count="0" type="cond" truecount="0" falsecount="2"/>
        <line num="187" count="0" type="stmt"/>
        <line num="188" count="0" type="stmt"/>
        <line num="189" count="0" type="cond" truecount="0" falsecount="2"/>
        <line num="190" count="0" type="stmt"/>
        <line num="197" count="0" type="stmt"/>
        <line num="201" count="0" type="stmt"/>
        <line num="202" count="0" type="stmt"/>
        <line num="206" count="0" type="stmt"/>
      </file>
      <file name="appointmentsStore.ts" path="C:\Users\David\Documents\SWEN661\Team8_CC_React\CareConnect\careconnect-react\src\store\appointmentsStore.ts">
        <metrics statements="9" coveredstatements="9" conditionals="6" coveredconditionals="6" methods="12" coveredmethods="12"/>
        <line num="12" count="1" type="stmt"/>
        <line num="42" count="1" type="stmt"/>
        <line num="45" count="5" type="stmt"/>
        <line num="49" count="6" type="stmt"/>
        <line num="51" count="18" type="cond" truecount="2" falsecount="0"/>
        <line num="55" count="4" type="stmt"/>
        <line num="57" count="12" type="cond" truecount="2" falsecount="0"/>
        <line num="61" count="5" type="stmt"/>
        <line num="63" count="15" type="cond" truecount="2" falsecount="0"/>
      </file>
      <file name="careTeamStore.ts" path="C:\Users\David\Documents\SWEN661\Team8_CC_React\CareConnect\careconnect-react\src\store\careTeamStore.ts">
        <metrics statements="7" coveredstatements="7" conditionals="2" coveredconditionals="2" methods="9" coveredmethods="9"/>
        <line num="11" count="1" type="stmt"/>
        <line num="38" count="1" type="stmt"/>
        <line num="41" count="6" type="stmt"/>
        <line num="45" count="7" type="stmt"/>
        <line num="46" count="18" type="stmt"/>
        <line num="49" count="9" type="stmt"/>
        <line num="50" count="27" type="cond" truecount="2" falsecount="0"/>
      </file>
      <file name="healthMetricsStore.ts" path="C:\Users\David\Documents\SWEN661\Team8_CC_React\CareConnect\careconnect-react\src\store\healthMetricsStore.ts">
        <metrics statements="9" coveredstatements="9" conditionals="4" coveredconditionals="4" methods="6" coveredmethods="6"/>
        <line num="10" count="1" type="stmt"/>
        <line num="11" count="28" type="stmt"/>
        <line num="13" count="1" type="stmt"/>
        <line num="80" count="1" type="stmt"/>
        <line num="85" count="11" type="stmt"/>
        <line num="86" count="11" type="stmt"/>
        <line num="87" count="11" type="stmt"/>
        <line num="88" count="11" type="stmt"/>
        <line num="91" count="44" type="cond" truecount="2" falsecount="0"/>
      </file>
      <file name="healthReportsStore.ts" path="C:\Users\David\Documents\SWEN661\Team8_CC_React\CareConnect\careconnect-react\src\store\healthReportsStore.ts">
        <metrics statements="6" coveredstatements="6" conditionals="0" coveredconditionals="0" methods="4" coveredmethods="4"/>
        <line num="10" count="1" type="stmt"/>
        <line num="27" count="1" type="stmt"/>
        <line num="32" count="12" type="stmt"/>
        <line num="33" count="12" type="stmt"/>
        <line num="34" count="12" type="stmt"/>
        <line num="41" count="12" type="stmt"/>
      </file>
      <file name="medicationsStore.ts" path="C:\Users\David\Documents\SWEN661\Team8_CC_React\CareConnect\careconnect-react\src\store\medicationsStore.ts">
        <metrics statements="10" coveredstatements="10" conditionals="4" coveredconditionals="4" methods="13" coveredmethods="13"/>
        <line num="14" count="1" type="stmt"/>
        <line num="23" count="1" type="stmt"/>
        <line num="27" count="6" type="stmt"/>
        <line num="28" count="36" type="cond" truecount="2" falsecount="0"/>
        <line num="31" count="4" type="stmt"/>
        <line num="32" count="24" type="cond" truecount="2" falsecount="0"/>
        <line num="35" count="5" type="stmt"/>
        <line num="37" count="6" type="stmt"/>
        <line num="41" count="10" type="stmt"/>
        <line num="42" count="45" type="stmt"/>
      </file>
      <file name="remindersStore.ts" path="C:\Users\David\Documents\SWEN661\Team8_CC_React\CareConnect\careconnect-react\src\store\remindersStore.ts">
        <metrics statements="9" coveredstatements="9" conditionals="4" coveredconditionals="4" methods="12" coveredmethods="12"/>
        <line num="12" count="1" type="stmt"/>
        <line num="19" count="1" type="stmt"/>
        <line num="22" count="6" type="stmt"/>
        <line num="26" count="8" type="stmt"/>
        <line num="27" count="26" type="stmt"/>
        <line num="30" count="6" type="stmt"/>
        <line num="31" count="24" type="cond" truecount="2" falsecount="0"/>
        <line num="34" count="6" type="stmt"/>
        <line num="35" count="24" type="cond" truecount="2" falsecount="0"/>
      </file>
    </package>
    <package name="theme">
      <metrics statements="6" coveredstatements="6" conditionals="0" coveredconditionals="0" methods="0" coveredmethods="0"/>
      <file name="styles.ts" path="C:\Users\David\Documents\SWEN661\Team8_CC_React\CareConnect\careconnect-react\src\theme\styles.ts">
        <metrics statements="6" coveredstatements="6" conditionals="0" coveredconditionals="0" methods="0" coveredmethods="0"/>
        <line num="1" count="5" type="stmt"/>
        <line num="25" count="5" type="stmt"/>
        <line num="36" count="5" type="stmt"/>
        <line num="44" count="5" type="stmt"/>
        <line num="56" count="5" type="stmt"/>
        <line num="68" count="5" type="stmt"/>
      </file>
    </package>
  </project>
</coverage>
