{"C:\\Users\\David\\Documents\\SWEN661\\Team8_CC_React\\CareConnect\\careconnect-react\\src\\components\\AlertBanner.tsx": {"path":"C:\\Users\\David\\Documents\\SWEN661\\Team8_CC_React\\CareConnect\\careconnect-react\\src\\components\\AlertBanner.tsx","statementMap":{"0":{"start":{"line":14,"column":2},"end":{"line":39,"column":3}}},"fnMap":{"0":{"name":"AlertBanner","decl":{"start":{"line":13,"column":24},"end":{"line":13,"column":35}},"loc":{"start":{"line":13,"column":95},"end":{"line":40,"column":1}},"line":13}},"branchMap":{"0":{"loc":{"start":{"line":32,"column":9},"end":{"line":36,"column":9}},"type":"binary-expr","locations":[{"start":{"line":32,"column":9},"end":{"line":32,"column":20}},{"start":{"line":32,"column":24},"end":{"line":32,"column":32}},{"start":{"line":33,"column":10},"end":{"line":35,"column":29}}],"line":32}},"s":{"0":7},"f":{"0":7},"b":{"0":[7,3,2]},"_coverageSchema":"1a1c01bbd47fc00a2c39e90264f33305004495a9","hash":"a0c3fe75ccfb0419688198d7713957bec6016738"}
,"C:\\Users\\David\\Documents\\SWEN661\\Team8_CC_React\\CareConnect\\careconnect-react\\src\\components\\AppBar.tsx": {"path":"C:\\Users\\David\\Documents\\SWEN661\\Team8_CC_React\\CareConnect\\careconnect-react\\src\\components\\AppBar.tsx","statementMap":{"0":{"start":{"line":14,"column":17},"end":{"line":14,"column":36}},"1":{"start":{"line":16,"column":2},"end":{"line":43,"column":3}}},"fnMap":{"0":{"name":"AppBar","decl":{"start":{"line":13,"column":24},"end":{"line":13,"column":30}},"loc":{"start":{"line":13,"column":86},"end":{"line":44,"column":1}},"line":13}},"branchMap":{"0":{"loc":{"start":{"line":13,"column":48},"end":{"line":13,"column":66}},"type":"default-arg","locations":[{"start":{"line":13,"column":60},"end":{"line":13,"column":66}}],"line":13},"1":{"loc":{"start":{"line":27,"column":7},"end":{"line":35,"column":7}},"type":"binary-expr","locations":[{"start":{"line":27,"column":7},"end":{"line":27,"column":13}},{"start":{"line":28,"column":8},"end":{"line":34,"column":27}}],"line":27},"2":{"loc":{"start":{"line":39,"column":7},"end":{"line":41,"column":7}},"type":"binary-expr","locations":[{"start":{"line":39,"column":7},"end":{"line":39,"column":14}},{"start":{"line":40,"column":8},"end":{"line":40,"column":93}}],"line":39}},"s":{"0":9,"1":9},"f":{"0":9},"b":{"0":[7],"1":[9,3],"2":[9,1]},"_coverageSchema":"1a1c01bbd47fc00a2c39e90264f33305004495a9","hash":"97abaa17fff2daf169b398a5b618dec9d0f57c21"}
,"C:\\Users\\David\\Documents\\SWEN661\\Team8_CC_React\\CareConnect\\careconnect-react\\src\\components\\BottomNav.tsx": {"path":"C:\\Users\\David\\Documents\\SWEN661\\Team8_CC_React\\CareConnect\\careconnect-react\\src\\components\\BottomNav.tsx","statementMap":{"0":{"start":{"line":6,"column":13},"end":{"line":12,"column":1}},"1":{"start":{"line":20,"column":17},"end":{"line":20,"column":36}},"2":{"start":{"line":22,"column":2},"end":{"line":53,"column":3}},"3":{"start":{"line":32,"column":23},"end":{"line":32,"column":41}},"4":{"start":{"line":33,"column":21},"end":{"line":33,"column":29}},"5":{"start":{"line":34,"column":8},"end":{"line":50,"column":9}},"6":{"start":{"line":37,"column":27},"end":{"line":37,"column":35}}},"fnMap":{"0":{"name":"BottomNav","decl":{"start":{"line":19,"column":24},"end":{"line":19,"column":33}},"loc":{"start":{"line":19,"column":66},"end":{"line":54,"column":1}},"line":19},"1":{"name":"(anonymous_1)","decl":{"start":{"line":31,"column":16},"end":{"line":31,"column":17}},"loc":{"start":{"line":31,"column":28},"end":{"line":51,"column":7}},"line":31},"2":{"name":"(anonymous_2)","decl":{"start":{"line":37,"column":21},"end":{"line":37,"column":22}},"loc":{"start":{"line":37,"column":27},"end":{"line":37,"column":35}},"line":37}},"branchMap":{"0":{"loc":{"start":{"line":45,"column":41},"end":{"line":45,"column":60}},"type":"cond-expr","locations":[{"start":{"line":45,"column":50},"end":{"line":45,"column":53}},{"start":{"line":45,"column":56},"end":{"line":45,"column":60}}],"line":45},"1":{"loc":{"start":{"line":45,"column":69},"end":{"line":45,"column":101}},"type":"cond-expr","locations":[{"start":{"line":45,"column":78},"end":{"line":45,"column":87}},{"start":{"line":45,"column":90},"end":{"line":45,"column":101}}],"line":45},"2":{"loc":{"start":{"line":46,"column":53},"end":{"line":46,"column":75}},"type":"cond-expr","locations":[{"start":{"line":46,"column":62},"end":{"line":46,"column":67}},{"start":{"line":46,"column":70},"end":{"line":46,"column":75}}],"line":46},"3":{"loc":{"start":{"line":46,"column":84},"end":{"line":46,"column":116}},"type":"cond-expr","locations":[{"start":{"line":46,"column":93},"end":{"line":46,"column":102}},{"start":{"line":46,"column":105},"end":{"line":46,"column":116}}],"line":46}},"s":{"0":1,"1":9,"2":9,"3":45,"4":45,"5":45,"6":5},"f":{"0":9,"1":45,"2":5},"b":{"0":[9,36],"1":[9,36],"2":[9,36],"3":[9,36]},"_coverageSchema":"1a1c01bbd47fc00a2c39e90264f33305004495a9","hash":"7590b7231bcb056d6743006acfd960d64438be53"}
,"C:\\Users\\David\\Documents\\SWEN661\\Team8_CC_React\\CareConnect\\careconnect-react\\src\\components\\StatCard.tsx": {"path":"C:\\Users\\David\\Documents\\SWEN661\\Team8_CC_React\\CareConnect\\careconnect-react\\src\\components\\StatCard.tsx","statementMap":{"0":{"start":{"line":13,"column":2},"end":{"line":36,"column":3}}},"fnMap":{"0":{"name":"StatCard","decl":{"start":{"line":12,"column":24},"end":{"line":12,"column":32}},"loc":{"start":{"line":12,"column":81},"end":{"line":37,"column":1}},"line":12}},"branchMap":{},"s":{"0":4},"f":{"0":4},"b":{},"_coverageSchema":"1a1c01bbd47fc00a2c39e90264f33305004495a9","hash":"65030e7e376d4159544fab0a2b0c7c4edd8303ca"}
,"C:\\Users\\David\\Documents\\SWEN661\\Team8_CC_React\\CareConnect\\careconnect-react\\src\\screens\\LoginScreen.tsx": {"path":"C:\\Users\\David\\Documents\\SWEN661\\Team8_CC_React\\CareConnect\\careconnect-react\\src\\screens\\LoginScreen.tsx","statementMap":{"0":{"start":{"line":14,"column":21},"end":{"line":14,"column":41}},"1":{"start":{"line":15,"column":109},"end":{"line":15,"column":126}},"2":{"start":{"line":17,"column":28},"end":{"line":17,"column":40}},"3":{"start":{"line":18,"column":34},"end":{"line":18,"column":46}},"4":{"start":{"line":19,"column":42},"end":{"line":19,"column":57}},"5":{"start":{"line":20,"column":42},"end":{"line":20,"column":57}},"6":{"start":{"line":21,"column":48},"end":{"line":21,"column":63}},"7":{"start":{"line":22,"column":40},"end":{"line":22,"column":77}},"8":{"start":{"line":23,"column":42},"end":{"line":23,"column":57}},"9":{"start":{"line":24,"column":46},"end":{"line":24,"column":68}},"10":{"start":{"line":26,"column":2},"end":{"line":37,"column":8}},"11":{"start":{"line":27,"column":4},"end":{"line":28,"column":5}},"12":{"start":{"line":28,"column":5},"end":{"line":36,"column":8}},"13":{"start":{"line":29,"column":26},"end":{"line":29,"column":70}},"14":{"start":{"line":30,"column":25},"end":{"line":30,"column":68}},"15":{"start":{"line":31,"column":21},"end":{"line":31,"column":46}},"16":{"start":{"line":32,"column":6},"end":{"line":35,"column":7}},"17":{"start":{"line":33,"column":22},"end":{"line":33,"column":83}},"18":{"start":{"line":34,"column":8},"end":{"line":34,"column":32}},"19":{"start":{"line":39,"column":26},"end":{"line":49,"column":3}},"20":{"start":{"line":40,"column":19},"end":{"line":45,"column":6}},"21":{"start":{"line":46,"column":4},"end":{"line":48,"column":5}},"22":{"start":{"line":47,"column":6},"end":{"line":47,"column":33}},"23":{"start":{"line":51,"column":19},"end":{"line":57,"column":3}},"24":{"start":{"line":52,"column":19},"end":{"line":52,"column":46}},"25":{"start":{"line":53,"column":4},"end":{"line":53,"column":58}},"26":{"start":{"line":53,"column":23},"end":{"line":53,"column":58}},"27":{"start":{"line":54,"column":4},"end":{"line":54,"column":60}},"28":{"start":{"line":54,"column":19},"end":{"line":54,"column":60}},"29":{"start":{"line":55,"column":4},"end":{"line":55,"column":26}},"30":{"start":{"line":56,"column":4},"end":{"line":56,"column":44}},"31":{"start":{"line":59,"column":23},"end":{"line":64,"column":3}},"32":{"start":{"line":60,"column":4},"end":{"line":60,"column":25}},"33":{"start":{"line":60,"column":19},"end":{"line":60,"column":25}},"34":{"start":{"line":61,"column":4},"end":{"line":61,"column":20}},"35":{"start":{"line":62,"column":4},"end":{"line":62,"column":27}},"36":{"start":{"line":62,"column":21},"end":{"line":62,"column":27}},"37":{"start":{"line":63,"column":4},"end":{"line":63,"column":33}},"38":{"start":{"line":66,"column":28},"end":{"line":70,"column":3}},"39":{"start":{"line":67,"column":4},"end":{"line":67,"column":15}},"40":{"start":{"line":68,"column":4},"end":{"line":68,"column":69}},"41":{"start":{"line":68,"column":27},"end":{"line":68,"column":69}},"42":{"start":{"line":68,"column":48},"end":{"line":68,"column":67}},"43":{"start":{"line":69,"column":4},"end":{"line":69,"column":35}},"44":{"start":{"line":69,"column":19},"end":{"line":69,"column":35}},"45":{"start":{"line":72,"column":31},"end":{"line":76,"column":3}},"46":{"start":{"line":73,"column":4},"end":{"line":73,"column":18}},"47":{"start":{"line":74,"column":4},"end":{"line":74,"column":75}},"48":{"start":{"line":74,"column":30},"end":{"line":74,"column":75}},"49":{"start":{"line":74,"column":51},"end":{"line":74,"column":73}},"50":{"start":{"line":75,"column":4},"end":{"line":75,"column":35}},"51":{"start":{"line":75,"column":19},"end":{"line":75,"column":35}},"52":{"start":{"line":78,"column":2},"end":{"line":235,"column":3}},"53":{"start":{"line":98,"column":28},"end":{"line":98,"column":57}},"54":{"start":{"line":99,"column":10},"end":{"line":115,"column":11}},"55":{"start":{"line":148,"column":27},"end":{"line":148,"column":48}},"56":{"start":{"line":149,"column":26},"end":{"line":149,"column":48}},"57":{"start":{"line":168,"column":27},"end":{"line":168,"column":51}},"58":{"start":{"line":169,"column":26},"end":{"line":169,"column":51}},"59":{"start":{"line":174,"column":27},"end":{"line":174,"column":57}},"60":{"start":{"line":185,"column":41},"end":{"line":185,"column":78}},"61":{"start":{"line":212,"column":25},"end":{"line":212,"column":56}},"62":{"start":{"line":223,"column":41},"end":{"line":223,"column":77}}},"fnMap":{"0":{"name":"LoginScreen","decl":{"start":{"line":13,"column":24},"end":{"line":13,"column":35}},"loc":{"start":{"line":13,"column":38},"end":{"line":236,"column":1}},"line":13},"1":{"name":"(anonymous_1)","decl":{"start":{"line":26,"column":12},"end":{"line":26,"column":13}},"loc":{"start":{"line":26,"column":18},"end":{"line":37,"column":3}},"line":26},"2":{"name":"(anonymous_2)","decl":{"start":{"line":28,"column":6},"end":{"line":28,"column":7}},"loc":{"start":{"line":28,"column":18},"end":{"line":36,"column":5}},"line":28},"3":{"name":"(anonymous_3)","decl":{"start":{"line":39,"column":26},"end":{"line":39,"column":27}},"loc":{"start":{"line":39,"column":38},"end":{"line":49,"column":3}},"line":39},"4":{"name":"(anonymous_4)","decl":{"start":{"line":51,"column":19},"end":{"line":51,"column":20}},"loc":{"start":{"line":51,"column":25},"end":{"line":57,"column":3}},"line":51},"5":{"name":"(anonymous_5)","decl":{"start":{"line":59,"column":23},"end":{"line":59,"column":24}},"loc":{"start":{"line":59,"column":35},"end":{"line":64,"column":3}},"line":59},"6":{"name":"(anonymous_6)","decl":{"start":{"line":66,"column":28},"end":{"line":66,"column":29}},"loc":{"start":{"line":66,"column":43},"end":{"line":70,"column":3}},"line":66},"7":{"name":"(anonymous_7)","decl":{"start":{"line":68,"column":42},"end":{"line":68,"column":43}},"loc":{"start":{"line":68,"column":48},"end":{"line":68,"column":67}},"line":68},"8":{"name":"(anonymous_8)","decl":{"start":{"line":72,"column":31},"end":{"line":72,"column":32}},"loc":{"start":{"line":72,"column":46},"end":{"line":76,"column":3}},"line":72},"9":{"name":"(anonymous_9)","decl":{"start":{"line":74,"column":45},"end":{"line":74,"column":46}},"loc":{"start":{"line":74,"column":51},"end":{"line":74,"column":73}},"line":74},"10":{"name":"(anonymous_10)","decl":{"start":{"line":97,"column":14},"end":{"line":97,"column":15}},"loc":{"start":{"line":97,"column":47},"end":{"line":116,"column":9}},"line":97},"11":{"name":"(anonymous_11)","decl":{"start":{"line":148,"column":21},"end":{"line":148,"column":22}},"loc":{"start":{"line":148,"column":27},"end":{"line":148,"column":48}},"line":148},"12":{"name":"(anonymous_12)","decl":{"start":{"line":149,"column":20},"end":{"line":149,"column":21}},"loc":{"start":{"line":149,"column":26},"end":{"line":149,"column":48}},"line":149},"13":{"name":"(anonymous_13)","decl":{"start":{"line":168,"column":21},"end":{"line":168,"column":22}},"loc":{"start":{"line":168,"column":27},"end":{"line":168,"column":51}},"line":168},"14":{"name":"(anonymous_14)","decl":{"start":{"line":169,"column":20},"end":{"line":169,"column":21}},"loc":{"start":{"line":169,"column":26},"end":{"line":169,"column":51}},"line":169},"15":{"name":"(anonymous_15)","decl":{"start":{"line":174,"column":21},"end":{"line":174,"column":22}},"loc":{"start":{"line":174,"column":27},"end":{"line":174,"column":57}},"line":174},"16":{"name":"(anonymous_16)","decl":{"start":{"line":185,"column":35},"end":{"line":185,"column":36}},"loc":{"start":{"line":185,"column":41},"end":{"line":185,"column":78}},"line":185},"17":{"name":"(anonymous_17)","decl":{"start":{"line":212,"column":19},"end":{"line":212,"column":20}},"loc":{"start":{"line":212,"column":25},"end":{"line":212,"column":56}},"line":212},"18":{"name":"(anonymous_18)","decl":{"start":{"line":223,"column":35},"end":{"line":223,"column":36}},"loc":{"start":{"line":223,"column":41},"end":{"line":223,"column":77}},"line":223}},"branchMap":{"0":{"loc":{"start":{"line":32,"column":6},"end":{"line":35,"column":7}},"type":"if","locations":[{"start":{"line":32,"column":6},"end":{"line":35,"column":7}},{"start":{},"end":{}}],"line":32},"1":{"loc":{"start":{"line":32,"column":10},"end":{"line":32,"column":45}},"type":"binary-expr","locations":[{"start":{"line":32,"column":10},"end":{"line":32,"column":21}},{"start":{"line":32,"column":25},"end":{"line":32,"column":35}},{"start":{"line":32,"column":39},"end":{"line":32,"column":45}}],"line":32},"2":{"loc":{"start":{"line":46,"column":4},"end":{"line":48,"column":5}},"type":"if","locations":[{"start":{"line":46,"column":4},"end":{"line":48,"column":5}},{"start":{},"end":{}}],"line":46},"3":{"loc":{"start":{"line":53,"column":4},"end":{"line":53,"column":58}},"type":"if","locations":[{"start":{"line":53,"column":4},"end":{"line":53,"column":58}},{"start":{},"end":{}}],"line":53},"4":{"loc":{"start":{"line":54,"column":4},"end":{"line":54,"column":60}},"type":"if","locations":[{"start":{"line":54,"column":4},"end":{"line":54,"column":60}},{"start":{},"end":{}}],"line":54},"5":{"loc":{"start":{"line":56,"column":11},"end":{"line":56,"column":44}},"type":"binary-expr","locations":[{"start":{"line":56,"column":11},"end":{"line":56,"column":24}},{"start":{"line":56,"column":28},"end":{"line":56,"column":44}}],"line":56},"6":{"loc":{"start":{"line":60,"column":4},"end":{"line":60,"column":25}},"type":"if","locations":[{"start":{"line":60,"column":4},"end":{"line":60,"column":25}},{"start":{},"end":{}}],"line":60},"7":{"loc":{"start":{"line":62,"column":4},"end":{"line":62,"column":27}},"type":"if","locations":[{"start":{"line":62,"column":4},"end":{"line":62,"column":27}},{"start":{},"end":{}}],"line":62},"8":{"loc":{"start":{"line":68,"column":4},"end":{"line":68,"column":69}},"type":"if","locations":[{"start":{"line":68,"column":4},"end":{"line":68,"column":69}},{"start":{},"end":{}}],"line":68},"9":{"loc":{"start":{"line":69,"column":4},"end":{"line":69,"column":35}},"type":"if","locations":[{"start":{"line":69,"column":4},"end":{"line":69,"column":35}},{"start":{},"end":{}}],"line":69},"10":{"loc":{"start":{"line":74,"column":4},"end":{"line":74,"column":75}},"type":"if","locations":[{"start":{"line":74,"column":4},"end":{"line":74,"column":75}},{"start":{},"end":{}}],"line":74},"11":{"loc":{"start":{"line":75,"column":4},"end":{"line":75,"column":35}},"type":"if","locations":[{"start":{"line":75,"column":4},"end":{"line":75,"column":35}},{"start":{},"end":{}}],"line":75},"12":{"loc":{"start":{"line":102,"column":23},"end":{"line":102,"column":62}},"type":"cond-expr","locations":[{"start":{"line":102,"column":35},"end":{"line":102,"column":50}},{"start":{"line":102,"column":53},"end":{"line":102,"column":62}}],"line":102},"13":{"loc":{"start":{"line":106,"column":33},"end":{"line":106,"column":71}},"type":"cond-expr","locations":[{"start":{"line":106,"column":45},"end":{"line":106,"column":59}},{"start":{"line":106,"column":62},"end":{"line":106,"column":71}}],"line":106},"14":{"loc":{"start":{"line":108,"column":29},"end":{"line":108,"column":61}},"type":"cond-expr","locations":[{"start":{"line":108,"column":41},"end":{"line":108,"column":50}},{"start":{"line":108,"column":53},"end":{"line":108,"column":61}}],"line":108},"15":{"loc":{"start":{"line":109,"column":25},"end":{"line":109,"column":45}},"type":"cond-expr","locations":[{"start":{"line":109,"column":37},"end":{"line":109,"column":38}},{"start":{"line":109,"column":41},"end":{"line":109,"column":45}}],"line":109},"16":{"loc":{"start":{"line":112,"column":37},"end":{"line":112,"column":74}},"type":"cond-expr","locations":[{"start":{"line":112,"column":49},"end":{"line":112,"column":58}},{"start":{"line":112,"column":61},"end":{"line":112,"column":74}}],"line":112},"17":{"loc":{"start":{"line":113,"column":53},"end":{"line":113,"column":90}},"type":"cond-expr","locations":[{"start":{"line":113,"column":65},"end":{"line":113,"column":74}},{"start":{"line":113,"column":77},"end":{"line":113,"column":90}}],"line":113},"18":{"loc":{"start":{"line":127,"column":7},"end":{"line":132,"column":14}},"type":"cond-expr","locations":[{"start":{"line":128,"column":8},"end":{"line":131,"column":15}},{"start":{"line":132,"column":10},"end":{"line":132,"column":14}}],"line":127},"19":{"loc":{"start":{"line":139,"column":35},"end":{"line":139,"column":74}},"type":"cond-expr","locations":[{"start":{"line":139,"column":55},"end":{"line":139,"column":60}},{"start":{"line":139,"column":63},"end":{"line":139,"column":74}}],"line":139},"20":{"loc":{"start":{"line":150,"column":65},"end":{"line":150,"column":128}},"type":"cond-expr","locations":[{"start":{"line":150,"column":85},"end":{"line":150,"column":90}},{"start":{"line":150,"column":93},"end":{"line":150,"column":128}}],"line":150},"21":{"loc":{"start":{"line":150,"column":93},"end":{"line":150,"column":128}},"type":"cond-expr","locations":[{"start":{"line":150,"column":108},"end":{"line":150,"column":117}},{"start":{"line":150,"column":120},"end":{"line":150,"column":128}}],"line":150},"22":{"loc":{"start":{"line":150,"column":143},"end":{"line":150,"column":186}},"type":"cond-expr","locations":[{"start":{"line":150,"column":179},"end":{"line":150,"column":180}},{"start":{"line":150,"column":183},"end":{"line":150,"column":186}}],"line":150},"23":{"loc":{"start":{"line":150,"column":143},"end":{"line":150,"column":176}},"type":"binary-expr","locations":[{"start":{"line":150,"column":143},"end":{"line":150,"column":160}},{"start":{"line":150,"column":164},"end":{"line":150,"column":176}}],"line":150},"24":{"loc":{"start":{"line":153,"column":9},"end":{"line":153,"column":107}},"type":"cond-expr","locations":[{"start":{"line":153,"column":29},"end":{"line":153,"column":100}},{"start":{"line":153,"column":103},"end":{"line":153,"column":107}}],"line":153},"25":{"loc":{"start":{"line":161,"column":35},"end":{"line":161,"column":77}},"type":"cond-expr","locations":[{"start":{"line":161,"column":58},"end":{"line":161,"column":63}},{"start":{"line":161,"column":66},"end":{"line":161,"column":77}}],"line":161},"26":{"loc":{"start":{"line":171,"column":83},"end":{"line":171,"column":152}},"type":"cond-expr","locations":[{"start":{"line":171,"column":106},"end":{"line":171,"column":111}},{"start":{"line":171,"column":114},"end":{"line":171,"column":152}}],"line":171},"27":{"loc":{"start":{"line":171,"column":114},"end":{"line":171,"column":152}},"type":"cond-expr","locations":[{"start":{"line":171,"column":132},"end":{"line":171,"column":141}},{"start":{"line":171,"column":144},"end":{"line":171,"column":152}}],"line":171},"28":{"loc":{"start":{"line":171,"column":167},"end":{"line":171,"column":216}},"type":"cond-expr","locations":[{"start":{"line":171,"column":209},"end":{"line":171,"column":210}},{"start":{"line":171,"column":213},"end":{"line":171,"column":216}}],"line":171},"29":{"loc":{"start":{"line":171,"column":167},"end":{"line":171,"column":206}},"type":"binary-expr","locations":[{"start":{"line":171,"column":167},"end":{"line":171,"column":187}},{"start":{"line":171,"column":191},"end":{"line":171,"column":206}}],"line":171},"30":{"loc":{"start":{"line":177,"column":13},"end":{"line":177,"column":108}},"type":"cond-expr","locations":[{"start":{"line":177,"column":28},"end":{"line":177,"column":68}},{"start":{"line":177,"column":71},"end":{"line":177,"column":108}}],"line":177},"31":{"loc":{"start":{"line":180,"column":9},"end":{"line":180,"column":113}},"type":"cond-expr","locations":[{"start":{"line":180,"column":32},"end":{"line":180,"column":106}},{"start":{"line":180,"column":109},"end":{"line":180,"column":113}}],"line":180},"32":{"loc":{"start":{"line":194,"column":59},"end":{"line":194,"column":78}},"type":"cond-expr","locations":[{"start":{"line":194,"column":71},"end":{"line":194,"column":74}},{"start":{"line":194,"column":77},"end":{"line":194,"column":78}}],"line":194},"33":{"loc":{"start":{"line":196,"column":9},"end":{"line":206,"column":9}},"type":"cond-expr","locations":[{"start":{"line":197,"column":10},"end":{"line":200,"column":13}},{"start":{"line":202,"column":10},"end":{"line":205,"column":13}}],"line":196},"34":{"loc":{"start":{"line":210,"column":7},"end":{"line":218,"column":7}},"type":"binary-expr","locations":[{"start":{"line":210,"column":7},"end":{"line":210,"column":19}},{"start":{"line":211,"column":8},"end":{"line":217,"column":27}}],"line":210}},"s":{"0":47,"1":47,"2":47,"3":46,"4":46,"5":46,"6":46,"7":46,"8":46,"9":46,"10":46,"11":20,"12":20,"13":20,"14":20,"15":20,"16":20,"17":0,"18":0,"19":46,"20":0,"21":0,"22":0,"23":46,"24":7,"25":7,"26":3,"27":7,"28":3,"29":7,"30":7,"31":46,"32":7,"33":0,"34":7,"35":7,"36":4,"37":3,"38":46,"39":5,"40":5,"41":0,"42":0,"43":5,"44":0,"45":46,"46":5,"47":5,"48":0,"49":0,"50":5,"51":0,"52":46,"53":92,"54":92,"55":0,"56":0,"57":0,"58":0,"59":0,"60":1,"61":0,"62":1},"f":{"0":47,"1":20,"2":20,"3":0,"4":7,"5":7,"6":5,"7":0,"8":5,"9":0,"10":92,"11":0,"12":0,"13":0,"14":0,"15":0,"16":1,"17":0,"18":1},"b":{"0":[0,20],"1":[20,0,0],"2":[0,0],"3":[3,4],"4":[3,4],"5":[7,4],"6":[0,7],"7":[4,3],"8":[0,5],"9":[0,5],"10":[0,5],"11":[0,5],"12":[0,92],"13":[0,92],"14":[0,92],"15":[0,92],"16":[0,92],"17":[0,92],"18":[0,46],"19":[6,40],"20":[6,40],"21":[0,40],"22":[6,40],"23":[46,40],"24":[6,40],"25":[6,40],"26":[6,40],"27":[0,40],"28":[6,40],"29":[46,40],"30":[0,46],"31":[6,40],"32":[0,46],"33":[0,46],"34":[46,0]},"_coverageSchema":"1a1c01bbd47fc00a2c39e90264f33305004495a9","hash":"2010ea7d1413497a3b59276b8f4636da3971ff4a"}
,"C:\\Users\\David\\Documents\\SWEN661\\Team8_CC_React\\CareConnect\\careconnect-react\\src\\store\\accountStore.ts": {"path":"C:\\Users\\David\\Documents\\SWEN661\\Team8_CC_React\\CareConnect\\careconnect-react\\src\\store\\accountStore.ts","statementMap":{"0":{"start":{"line":4,"column":21},"end":{"line":4,"column":34}},"1":{"start":{"line":5,"column":16},"end":{"line":5,"column":24}},"2":{"start":{"line":6,"column":22},"end":{"line":6,"column":42}},"3":{"start":{"line":43,"column":2},"end":{"line":48,"column":3}},"4":{"start":{"line":44,"column":16},"end":{"line":44,"column":51}},"5":{"start":{"line":45,"column":4},"end":{"line":45,"column":39}},"6":{"start":{"line":47,"column":4},"end":{"line":47,"column":15}},"7":{"start":{"line":52,"column":2},"end":{"line":57,"column":3}},"8":{"start":{"line":53,"column":16},"end":{"line":53,"column":56}},"9":{"start":{"line":54,"column":4},"end":{"line":54,"column":37}},"10":{"start":{"line":56,"column":4},"end":{"line":56,"column":13}},"11":{"start":{"line":61,"column":2},"end":{"line":61,"column":68}},"12":{"start":{"line":65,"column":2},"end":{"line":65,"column":90}},"13":{"start":{"line":65,"column":34},"end":{"line":65,"column":38}},"14":{"start":{"line":68,"column":31},"end":{"line":208,"column":3}},"15":{"start":{"line":68,"column":67},"end":{"line":208,"column":1}},"16":{"start":{"line":77,"column":4},"end":{"line":77,"column":42}},"17":{"start":{"line":77,"column":36},"end":{"line":77,"column":42}},"18":{"start":{"line":78,"column":4},"end":{"line":78,"column":45}},"19":{"start":{"line":79,"column":4},"end":{"line":79,"column":64}},"20":{"start":{"line":79,"column":39},"end":{"line":79,"column":63}},"21":{"start":{"line":81,"column":21},"end":{"line":81,"column":40}},"22":{"start":{"line":82,"column":20},"end":{"line":82,"column":92}},"23":{"start":{"line":82,"column":39},"end":{"line":82,"column":91}},"24":{"start":{"line":84,"column":4},"end":{"line":87,"column":5}},"25":{"start":{"line":85,"column":6},"end":{"line":85,"column":111}},"26":{"start":{"line":86,"column":6},"end":{"line":86,"column":12}},"27":{"start":{"line":89,"column":4},"end":{"line":92,"column":5}},"28":{"start":{"line":90,"column":6},"end":{"line":90,"column":83}},"29":{"start":{"line":91,"column":6},"end":{"line":91,"column":12}},"30":{"start":{"line":94,"column":4},"end":{"line":94,"column":60}},"31":{"start":{"line":95,"column":4},"end":{"line":102,"column":6}},"32":{"start":{"line":106,"column":4},"end":{"line":106,"column":45}},"33":{"start":{"line":107,"column":4},"end":{"line":107,"column":64}},"34":{"start":{"line":107,"column":39},"end":{"line":107,"column":63}},"35":{"start":{"line":109,"column":21},"end":{"line":109,"column":40}},"36":{"start":{"line":110,"column":19},"end":{"line":110,"column":91}},"37":{"start":{"line":110,"column":38},"end":{"line":110,"column":90}},"38":{"start":{"line":112,"column":4},"end":{"line":115,"column":5}},"39":{"start":{"line":113,"column":6},"end":{"line":113,"column":112}},"40":{"start":{"line":114,"column":6},"end":{"line":114,"column":18}},"41":{"start":{"line":117,"column":38},"end":{"line":117,"column":104}},"42":{"start":{"line":118,"column":4},"end":{"line":118,"column":49}},"43":{"start":{"line":120,"column":4},"end":{"line":120,"column":63}},"44":{"start":{"line":121,"column":4},"end":{"line":128,"column":6}},"45":{"start":{"line":129,"column":4},"end":{"line":129,"column":15}},"46":{"start":{"line":133,"column":21},"end":{"line":133,"column":40}},"47":{"start":{"line":134,"column":4},"end":{"line":134,"column":83}},"48":{"start":{"line":134,"column":30},"end":{"line":134,"column":82}},"49":{"start":{"line":138,"column":21},"end":{"line":138,"column":40}},"50":{"start":{"line":139,"column":16},"end":{"line":139,"column":93}},"51":{"start":{"line":139,"column":40},"end":{"line":139,"column":92}},"52":{"start":{"line":140,"column":4},"end":{"line":140,"column":32}},"53":{"start":{"line":140,"column":20},"end":{"line":140,"column":32}},"54":{"start":{"line":141,"column":4},"end":{"line":141,"column":63}},"55":{"start":{"line":142,"column":4},"end":{"line":142,"column":32}},"56":{"start":{"line":143,"column":4},"end":{"line":143,"column":15}},"57":{"start":{"line":146,"column":24},"end":{"line":146,"column":48}},"58":{"start":{"line":148,"column":17},"end":{"line":148,"column":108}},"59":{"start":{"line":151,"column":4},"end":{"line":151,"column":66}},"60":{"start":{"line":155,"column":22},"end":{"line":155,"column":27}},"61":{"start":{"line":156,"column":4},"end":{"line":156,"column":71}},"62":{"start":{"line":160,"column":19},"end":{"line":160,"column":39}},"63":{"start":{"line":161,"column":4},"end":{"line":161,"column":51}},"64":{"start":{"line":161,"column":39},"end":{"line":161,"column":51}},"65":{"start":{"line":162,"column":21},"end":{"line":162,"column":40}},"66":{"start":{"line":163,"column":20},"end":{"line":163,"column":64}},"67":{"start":{"line":163,"column":39},"end":{"line":163,"column":63}},"68":{"start":{"line":164,"column":4},"end":{"line":164,"column":30}},"69":{"start":{"line":164,"column":18},"end":{"line":164,"column":30}},"70":{"start":{"line":165,"column":4},"end":{"line":171,"column":6}},"71":{"start":{"line":172,"column":4},"end":{"line":172,"column":15}},"72":{"start":{"line":176,"column":19},"end":{"line":176,"column":39}},"73":{"start":{"line":177,"column":4},"end":{"line":177,"column":26}},"74":{"start":{"line":181,"column":4},"end":{"line":181,"column":42}},"75":{"start":{"line":185,"column":18},"end":{"line":185,"column":59}},"76":{"start":{"line":186,"column":4},"end":{"line":186,"column":28}},"77":{"start":{"line":186,"column":16},"end":{"line":186,"column":28}},"78":{"start":{"line":187,"column":21},"end":{"line":187,"column":40}},"79":{"start":{"line":188,"column":20},"end":{"line":188,"column":57}},"80":{"start":{"line":188,"column":39},"end":{"line":188,"column":56}},"81":{"start":{"line":189,"column":4},"end":{"line":189,"column":30}},"82":{"start":{"line":189,"column":18},"end":{"line":189,"column":30}},"83":{"start":{"line":190,"column":4},"end":{"line":196,"column":6}},"84":{"start":{"line":197,"column":4},"end":{"line":197,"column":15}},"85":{"start":{"line":201,"column":18},"end":{"line":201,"column":59}},"86":{"start":{"line":202,"column":4},"end":{"line":202,"column":25}},"87":{"start":{"line":206,"column":4},"end":{"line":206,"column":48}}},"fnMap":{"0":{"name":"getStoredPin","decl":{"start":{"line":42,"column":15},"end":{"line":42,"column":27}},"loc":{"start":{"line":42,"column":57},"end":{"line":49,"column":1}},"line":42},"1":{"name":"getAccounts","decl":{"start":{"line":51,"column":15},"end":{"line":51,"column":26}},"loc":{"start":{"line":51,"column":55},"end":{"line":58,"column":1}},"line":51},"2":{"name":"saveAccounts","decl":{"start":{"line":60,"column":15},"end":{"line":60,"column":27}},"loc":{"start":{"line":60,"column":70},"end":{"line":62,"column":1}},"line":60},"3":{"name":"makeInitials","decl":{"start":{"line":64,"column":9},"end":{"line":64,"column":21}},"loc":{"start":{"line":64,"column":44},"end":{"line":66,"column":1}},"line":64},"4":{"name":"(anonymous_4)","decl":{"start":{"line":65,"column":29},"end":{"line":65,"column":30}},"loc":{"start":{"line":65,"column":34},"end":{"line":65,"column":38}},"line":65},"5":{"name":"(anonymous_5)","decl":{"start":{"line":68,"column":52},"end":{"line":68,"column":53}},"loc":{"start":{"line":68,"column":67},"end":{"line":208,"column":1}},"line":68},"6":{"name":"(anonymous_6)","decl":{"start":{"line":76,"column":10},"end":{"line":76,"column":11}},"loc":{"start":{"line":76,"column":37},"end":{"line":103,"column":3}},"line":76},"7":{"name":"(anonymous_7)","decl":{"start":{"line":79,"column":28},"end":{"line":79,"column":29}},"loc":{"start":{"line":79,"column":39},"end":{"line":79,"column":63}},"line":79},"8":{"name":"(anonymous_8)","decl":{"start":{"line":82,"column":34},"end":{"line":82,"column":35}},"loc":{"start":{"line":82,"column":39},"end":{"line":82,"column":91}},"line":82},"9":{"name":"(anonymous_9)","decl":{"start":{"line":105,"column":17},"end":{"line":105,"column":18}},"loc":{"start":{"line":105,"column":50},"end":{"line":130,"column":3}},"line":105},"10":{"name":"(anonymous_10)","decl":{"start":{"line":107,"column":28},"end":{"line":107,"column":29}},"loc":{"start":{"line":107,"column":39},"end":{"line":107,"column":63}},"line":107},"11":{"name":"(anonymous_11)","decl":{"start":{"line":110,"column":33},"end":{"line":110,"column":34}},"loc":{"start":{"line":110,"column":38},"end":{"line":110,"column":90}},"line":110},"12":{"name":"(anonymous_12)","decl":{"start":{"line":132,"column":20},"end":{"line":132,"column":21}},"loc":{"start":{"line":132,"column":37},"end":{"line":135,"column":3}},"line":132},"13":{"name":"(anonymous_13)","decl":{"start":{"line":134,"column":25},"end":{"line":134,"column":26}},"loc":{"start":{"line":134,"column":30},"end":{"line":134,"column":82}},"line":134},"14":{"name":"(anonymous_14)","decl":{"start":{"line":137,"column":18},"end":{"line":137,"column":19}},"loc":{"start":{"line":137,"column":48},"end":{"line":144,"column":3}},"line":137},"15":{"name":"(anonymous_15)","decl":{"start":{"line":139,"column":35},"end":{"line":139,"column":36}},"loc":{"start":{"line":139,"column":40},"end":{"line":139,"column":92}},"line":139},"16":{"name":"(anonymous_16)","decl":{"start":{"line":146,"column":18},"end":{"line":146,"column":19}},"loc":{"start":{"line":146,"column":24},"end":{"line":146,"column":48}},"line":146},"17":{"name":"(anonymous_17)","decl":{"start":{"line":148,"column":11},"end":{"line":148,"column":12}},"loc":{"start":{"line":148,"column":17},"end":{"line":148,"column":108}},"line":148},"18":{"name":"(anonymous_18)","decl":{"start":{"line":150,"column":17},"end":{"line":150,"column":18}},"loc":{"start":{"line":150,"column":27},"end":{"line":152,"column":3}},"line":150},"19":{"name":"(anonymous_19)","decl":{"start":{"line":154,"column":10},"end":{"line":154,"column":11}},"loc":{"start":{"line":154,"column":25},"end":{"line":157,"column":3}},"line":154},"20":{"name":"(anonymous_20)","decl":{"start":{"line":159,"column":17},"end":{"line":159,"column":18}},"loc":{"start":{"line":159,"column":32},"end":{"line":173,"column":3}},"line":159},"21":{"name":"(anonymous_21)","decl":{"start":{"line":163,"column":34},"end":{"line":163,"column":35}},"loc":{"start":{"line":163,"column":39},"end":{"line":163,"column":63}},"line":163},"22":{"name":"(anonymous_22)","decl":{"start":{"line":175,"column":12},"end":{"line":175,"column":13}},"loc":{"start":{"line":175,"column":24},"end":{"line":178,"column":3}},"line":175},"23":{"name":"(anonymous_23)","decl":{"start":{"line":180,"column":12},"end":{"line":180,"column":13}},"loc":{"start":{"line":180,"column":24},"end":{"line":182,"column":3}},"line":180},"24":{"name":"(anonymous_24)","decl":{"start":{"line":184,"column":23},"end":{"line":184,"column":24}},"loc":{"start":{"line":184,"column":35},"end":{"line":198,"column":3}},"line":184},"25":{"name":"(anonymous_25)","decl":{"start":{"line":188,"column":34},"end":{"line":188,"column":35}},"loc":{"start":{"line":188,"column":39},"end":{"line":188,"column":56}},"line":188},"26":{"name":"(anonymous_26)","decl":{"start":{"line":200,"column":21},"end":{"line":200,"column":22}},"loc":{"start":{"line":200,"column":33},"end":{"line":203,"column":3}},"line":200},"27":{"name":"(anonymous_27)","decl":{"start":{"line":205,"column":19},"end":{"line":205,"column":20}},"loc":{"start":{"line":205,"column":31},"end":{"line":207,"column":3}},"line":205}},"branchMap":{"0":{"loc":{"start":{"line":45,"column":11},"end":{"line":45,"column":39}},"type":"cond-expr","locations":[{"start":{"line":45,"column":17},"end":{"line":45,"column":32}},{"start":{"line":45,"column":35},"end":{"line":45,"column":39}}],"line":45},"1":{"loc":{"start":{"line":54,"column":11},"end":{"line":54,"column":37}},"type":"cond-expr","locations":[{"start":{"line":54,"column":17},"end":{"line":54,"column":32}},{"start":{"line":54,"column":35},"end":{"line":54,"column":37}}],"line":54},"2":{"loc":{"start":{"line":77,"column":4},"end":{"line":77,"column":42}},"type":"if","locations":[{"start":{"line":77,"column":4},"end":{"line":77,"column":42}},{"start":{},"end":{}}],"line":77},"3":{"loc":{"start":{"line":77,"column":8},"end":{"line":77,"column":34}},"type":"binary-expr","locations":[{"start":{"line":77,"column":8},"end":{"line":77,"column":21}},{"start":{"line":77,"column":25},"end":{"line":77,"column":34}}],"line":77},"4":{"loc":{"start":{"line":84,"column":4},"end":{"line":87,"column":5}},"type":"if","locations":[{"start":{"line":84,"column":4},"end":{"line":87,"column":5}},{"start":{},"end":{}}],"line":84},"5":{"loc":{"start":{"line":89,"column":4},"end":{"line":92,"column":5}},"type":"if","locations":[{"start":{"line":89,"column":4},"end":{"line":92,"column":5}},{"start":{},"end":{}}],"line":89},"6":{"loc":{"start":{"line":112,"column":4},"end":{"line":115,"column":5}},"type":"if","locations":[{"start":{"line":112,"column":4},"end":{"line":115,"column":5}},{"start":{},"end":{}}],"line":112},"7":{"loc":{"start":{"line":140,"column":4},"end":{"line":140,"column":32}},"type":"if","locations":[{"start":{"line":140,"column":4},"end":{"line":140,"column":32}},{"start":{},"end":{}}],"line":140},"8":{"loc":{"start":{"line":161,"column":4},"end":{"line":161,"column":51}},"type":"if","locations":[{"start":{"line":161,"column":4},"end":{"line":161,"column":51}},{"start":{},"end":{}}],"line":161},"9":{"loc":{"start":{"line":161,"column":8},"end":{"line":161,"column":37}},"type":"binary-expr","locations":[{"start":{"line":161,"column":8},"end":{"line":161,"column":15}},{"start":{"line":161,"column":19},"end":{"line":161,"column":37}}],"line":161},"10":{"loc":{"start":{"line":164,"column":4},"end":{"line":164,"column":30}},"type":"if","locations":[{"start":{"line":164,"column":4},"end":{"line":164,"column":30}},{"start":{},"end":{}}],"line":164},"11":{"loc":{"start":{"line":186,"column":4},"end":{"line":186,"column":28}},"type":"if","locations":[{"start":{"line":186,"column":4},"end":{"line":186,"column":28}},{"start":{},"end":{}}],"line":186},"12":{"loc":{"start":{"line":189,"column":4},"end":{"line":189,"column":30}},"type":"if","locations":[{"start":{"line":189,"column":4},"end":{"line":189,"column":30}},{"start":{},"end":{}}],"line":189}},"s":{"0":1,"1":1,"2":1,"3":0,"4":0,"5":0,"6":0,"7":13,"8":13,"9":13,"10":0,"11":0,"12":18,"13":36,"14":1,"15":1,"16":13,"17":0,"18":13,"19":13,"20":13,"21":13,"22":13,"23":19,"24":13,"25":0,"26":0,"27":13,"28":0,"29":0,"30":13,"31":13,"32":0,"33":0,"34":0,"35":0,"36":0,"37":0,"38":0,"39":0,"40":0,"41":0,"42":0,"43":0,"44":0,"45":0,"46":0,"47":0,"48":0,"49":0,"50":0,"51":0,"52":0,"53":0,"54":0,"55":0,"56":0,"57":0,"58":4,"59":5,"60":0,"61":0,"62":0,"63":0,"64":0,"65":0,"66":0,"67":0,"68":0,"69":0,"70":0,"71":0,"72":0,"73":0,"74":0,"75":0,"76":0,"77":0,"78":0,"79":0,"80":0,"81":0,"82":0,"83":0,"84":0,"85":0,"86":0,"87":0},"f":{"0":0,"1":13,"2":0,"3":18,"4":36,"5":1,"6":13,"7":13,"8":19,"9":0,"10":0,"11":0,"12":0,"13":0,"14":0,"15":0,"16":0,"17":4,"18":5,"19":0,"20":0,"21":0,"22":0,"23":0,"24":0,"25":0,"26":0,"27":0},"b":{"0":[0,0],"1":[13,0],"2":[0,13],"3":[13,13],"4":[0,13],"5":[0,13],"6":[0,0],"7":[0,0],"8":[0,0],"9":[0,0],"10":[0,0],"11":[0,0],"12":[0,0]},"_coverageSchema":"1a1c01bbd47fc00a2c39e90264f33305004495a9","hash":"5dd2626da7d78e3ad3b2fdbe99873d689cb05bd6"}
,"C:\\Users\\David\\Documents\\SWEN661\\Team8_CC_React\\CareConnect\\careconnect-react\\src\\store\\appointmentsStore.ts": {"path":"C:\\Users\\David\\Documents\\SWEN661\\Team8_CC_React\\CareConnect\\careconnect-react\\src\\store\\appointmentsStore.ts","statementMap":{"0":{"start":{"line":12,"column":40},"end":{"line":40,"column":1}},"1":{"start":{"line":42,"column":36},"end":{"line":66,"column":3}},"2":{"start":{"line":42,"column":77},"end":{"line":66,"column":1}},"3":{"start":{"line":45,"column":28},"end":{"line":47,"column":5}},"4":{"start":{"line":45,"column":38},"end":{"line":47,"column":3}},"5":{"start":{"line":49,"column":29},"end":{"line":53,"column":5}},"6":{"start":{"line":49,"column":39},"end":{"line":53,"column":3}},"7":{"start":{"line":51,"column":6},"end":{"line":51,"column":74}},"8":{"start":{"line":55,"column":46},"end":{"line":59,"column":5}},"9":{"start":{"line":55,"column":56},"end":{"line":59,"column":3}},"10":{"start":{"line":57,"column":6},"end":{"line":57,"column":55}},"11":{"start":{"line":61,"column":31},"end":{"line":65,"column":5}},"12":{"start":{"line":61,"column":41},"end":{"line":65,"column":3}},"13":{"start":{"line":63,"column":6},"end":{"line":63,"column":74}}},"fnMap":{"0":{"name":"(anonymous_0)","decl":{"start":{"line":42,"column":62},"end":{"line":42,"column":63}},"loc":{"start":{"line":42,"column":77},"end":{"line":66,"column":1}},"line":42},"1":{"name":"(anonymous_1)","decl":{"start":{"line":45,"column":18},"end":{"line":45,"column":19}},"loc":{"start":{"line":45,"column":28},"end":{"line":47,"column":5}},"line":45},"2":{"name":"(anonymous_2)","decl":{"start":{"line":45,"column":32},"end":{"line":45,"column":33}},"loc":{"start":{"line":45,"column":38},"end":{"line":47,"column":3}},"line":45},"3":{"name":"(anonymous_3)","decl":{"start":{"line":49,"column":21},"end":{"line":49,"column":22}},"loc":{"start":{"line":49,"column":29},"end":{"line":53,"column":5}},"line":49},"4":{"name":"(anonymous_4)","decl":{"start":{"line":49,"column":33},"end":{"line":49,"column":34}},"loc":{"start":{"line":49,"column":39},"end":{"line":53,"column":3}},"line":49},"5":{"name":"(anonymous_5)","decl":{"start":{"line":50,"column":37},"end":{"line":50,"column":38}},"loc":{"start":{"line":51,"column":6},"end":{"line":51,"column":74}},"line":51},"6":{"name":"(anonymous_6)","decl":{"start":{"line":55,"column":25},"end":{"line":55,"column":26}},"loc":{"start":{"line":55,"column":46},"end":{"line":59,"column":5}},"line":55},"7":{"name":"(anonymous_7)","decl":{"start":{"line":55,"column":50},"end":{"line":55,"column":51}},"loc":{"start":{"line":55,"column":56},"end":{"line":59,"column":3}},"line":55},"8":{"name":"(anonymous_8)","decl":{"start":{"line":56,"column":37},"end":{"line":56,"column":38}},"loc":{"start":{"line":57,"column":6},"end":{"line":57,"column":55}},"line":57},"9":{"name":"(anonymous_9)","decl":{"start":{"line":61,"column":23},"end":{"line":61,"column":24}},"loc":{"start":{"line":61,"column":31},"end":{"line":65,"column":5}},"line":61},"10":{"name":"(anonymous_10)","decl":{"start":{"line":61,"column":35},"end":{"line":61,"column":36}},"loc":{"start":{"line":61,"column":41},"end":{"line":65,"column":3}},"line":61},"11":{"name":"(anonymous_11)","decl":{"start":{"line":62,"column":37},"end":{"line":62,"column":38}},"loc":{"start":{"line":63,"column":6},"end":{"line":63,"column":74}},"line":63}},"branchMap":{"0":{"loc":{"start":{"line":51,"column":6},"end":{"line":51,"column":74}},"type":"cond-expr","locations":[{"start":{"line":51,"column":20},"end":{"line":51,"column":70}},{"start":{"line":51,"column":73},"end":{"line":51,"column":74}}],"line":51},"1":{"loc":{"start":{"line":57,"column":6},"end":{"line":57,"column":55}},"type":"cond-expr","locations":[{"start":{"line":57,"column":20},"end":{"line":57,"column":51}},{"start":{"line":57,"column":54},"end":{"line":57,"column":55}}],"line":57},"2":{"loc":{"start":{"line":63,"column":6},"end":{"line":63,"column":74}},"type":"cond-expr","locations":[{"start":{"line":63,"column":20},"end":{"line":63,"column":70}},{"start":{"line":63,"column":73},"end":{"line":63,"column":74}}],"line":63}},"s":{"0":1,"1":1,"2":1,"3":5,"4":5,"5":6,"6":6,"7":18,"8":4,"9":4,"10":12,"11":5,"12":5,"13":15},"f":{"0":1,"1":5,"2":5,"3":6,"4":6,"5":18,"6":4,"7":4,"8":12,"9":5,"10":5,"11":15},"b":{"0":[5,13],"1":[4,8],"2":[5,10]},"_coverageSchema":"1a1c01bbd47fc00a2c39e90264f33305004495a9","hash":"abdce935f233acd7596df54664fdddd06e0cc571"}
,"C:\\Users\\David\\Documents\\SWEN661\\Team8_CC_React\\CareConnect\\careconnect-react\\src\\store\\careTeamStore.ts": {"path":"C:\\Users\\David\\Documents\\SWEN661\\Team8_CC_React\\CareConnect\\careconnect-react\\src\\store\\careTeamStore.ts","statementMap":{"0":{"start":{"line":11,"column":38},"end":{"line":36,"column":1}},"1":{"start":{"line":38,"column":32},"end":{"line":52,"column":3}},"2":{"start":{"line":38,"column":64},"end":{"line":52,"column":1}},"3":{"start":{"line":41,"column":25},"end":{"line":43,"column":5}},"4":{"start":{"line":41,"column":35},"end":{"line":43,"column":3}},"5":{"start":{"line":45,"column":24},"end":{"line":47,"column":5}},"6":{"start":{"line":45,"column":34},"end":{"line":47,"column":3}},"7":{"start":{"line":46,"column":35},"end":{"line":46,"column":46}},"8":{"start":{"line":49,"column":33},"end":{"line":51,"column":5}},"9":{"start":{"line":49,"column":43},"end":{"line":51,"column":3}},"10":{"start":{"line":50,"column":32},"end":{"line":50,"column":70}}},"fnMap":{"0":{"name":"(anonymous_0)","decl":{"start":{"line":38,"column":54},"end":{"line":38,"column":55}},"loc":{"start":{"line":38,"column":64},"end":{"line":52,"column":1}},"line":38},"1":{"name":"(anonymous_1)","decl":{"start":{"line":41,"column":13},"end":{"line":41,"column":14}},"loc":{"start":{"line":41,"column":25},"end":{"line":43,"column":5}},"line":41},"2":{"name":"(anonymous_2)","decl":{"start":{"line":41,"column":29},"end":{"line":41,"column":30}},"loc":{"start":{"line":41,"column":35},"end":{"line":43,"column":3}},"line":41},"3":{"name":"(anonymous_3)","decl":{"start":{"line":45,"column":16},"end":{"line":45,"column":17}},"loc":{"start":{"line":45,"column":24},"end":{"line":47,"column":5}},"line":45},"4":{"name":"(anonymous_4)","decl":{"start":{"line":45,"column":28},"end":{"line":45,"column":29}},"loc":{"start":{"line":45,"column":34},"end":{"line":47,"column":3}},"line":45},"5":{"name":"(anonymous_5)","decl":{"start":{"line":46,"column":30},"end":{"line":46,"column":31}},"loc":{"start":{"line":46,"column":35},"end":{"line":46,"column":46}},"line":46},"6":{"name":"(anonymous_6)","decl":{"start":{"line":49,"column":16},"end":{"line":49,"column":17}},"loc":{"start":{"line":49,"column":33},"end":{"line":51,"column":5}},"line":49},"7":{"name":"(anonymous_7)","decl":{"start":{"line":49,"column":37},"end":{"line":49,"column":38}},"loc":{"start":{"line":49,"column":43},"end":{"line":51,"column":3}},"line":49},"8":{"name":"(anonymous_8)","decl":{"start":{"line":50,"column":27},"end":{"line":50,"column":28}},"loc":{"start":{"line":50,"column":32},"end":{"line":50,"column":70}},"line":50}},"branchMap":{"0":{"loc":{"start":{"line":50,"column":32},"end":{"line":50,"column":70}},"type":"cond-expr","locations":[{"start":{"line":50,"column":46},"end":{"line":50,"column":66}},{"start":{"line":50,"column":69},"end":{"line":50,"column":70}}],"line":50}},"s":{"0":1,"1":1,"2":1,"3":6,"4":6,"5":7,"6":7,"7":18,"8":9,"9":9,"10":27},"f":{"0":1,"1":6,"2":6,"3":7,"4":7,"5":18,"6":9,"7":9,"8":27},"b":{"0":[9,18]},"_coverageSchema":"1a1c01bbd47fc00a2c39e90264f33305004495a9","hash":"1a13e0018cc00ab95771df8611424fdacbba3ace"}
,"C:\\Users\\David\\Documents\\SWEN661\\Team8_CC_React\\CareConnect\\careconnect-react\\src\\store\\healthMetricsStore.ts": {"path":"C:\\Users\\David\\Documents\\SWEN661\\Team8_CC_React\\CareConnect\\careconnect-react\\src\\store\\healthMetricsStore.ts","statementMap":{"0":{"start":{"line":10,"column":12},"end":{"line":10,"column":22}},"1":{"start":{"line":11,"column":10},"end":{"line":11,"column":97}},"2":{"start":{"line":11,"column":30},"end":{"line":11,"column":97}},"3":{"start":{"line":13,"column":36},"end":{"line":78,"column":1}},"4":{"start":{"line":80,"column":37},"end":{"line":97,"column":3}},"5":{"start":{"line":80,"column":74},"end":{"line":97,"column":1}},"6":{"start":{"line":85,"column":4},"end":{"line":85,"column":34}},"7":{"start":{"line":86,"column":4},"end":{"line":86,"column":64}},"8":{"start":{"line":86,"column":39},"end":{"line":86,"column":63}},"9":{"start":{"line":87,"column":34},"end":{"line":87,"column":82}},"10":{"start":{"line":88,"column":4},"end":{"line":95,"column":7}},"11":{"start":{"line":88,"column":14},"end":{"line":95,"column":5}},"12":{"start":{"line":91,"column":8},"end":{"line":93,"column":13}}},"fnMap":{"0":{"name":"(anonymous_0)","decl":{"start":{"line":11,"column":10},"end":{"line":11,"column":11}},"loc":{"start":{"line":11,"column":30},"end":{"line":11,"column":97}},"line":11},"1":{"name":"(anonymous_1)","decl":{"start":{"line":80,"column":64},"end":{"line":80,"column":65}},"loc":{"start":{"line":80,"column":74},"end":{"line":97,"column":1}},"line":80},"2":{"name":"(anonymous_2)","decl":{"start":{"line":84,"column":14},"end":{"line":84,"column":15}},"loc":{"start":{"line":84,"column":57},"end":{"line":96,"column":3}},"line":84},"3":{"name":"(anonymous_3)","decl":{"start":{"line":86,"column":28},"end":{"line":86,"column":29}},"loc":{"start":{"line":86,"column":39},"end":{"line":86,"column":63}},"line":86},"4":{"name":"(anonymous_4)","decl":{"start":{"line":88,"column":8},"end":{"line":88,"column":9}},"loc":{"start":{"line":88,"column":14},"end":{"line":95,"column":5}},"line":88},"5":{"name":"(anonymous_5)","decl":{"start":{"line":90,"column":29},"end":{"line":90,"column":30}},"loc":{"start":{"line":91,"column":8},"end":{"line":93,"column":13}},"line":91}},"branchMap":{"0":{"loc":{"start":{"line":91,"column":8},"end":{"line":93,"column":13}},"type":"cond-expr","locations":[{"start":{"line":92,"column":12},"end":{"line":92,"column":131}},{"start":{"line":93,"column":12},"end":{"line":93,"column":13}}],"line":91},"1":{"loc":{"start":{"line":92,"column":68},"end":{"line":92,"column":129}},"type":"cond-expr","locations":[{"start":{"line":92,"column":85},"end":{"line":92,"column":113}},{"start":{"line":92,"column":116},"end":{"line":92,"column":129}}],"line":92}},"s":{"0":1,"1":1,"2":28,"3":1,"4":1,"5":1,"6":11,"7":11,"8":11,"9":11,"10":11,"11":11,"12":44},"f":{"0":28,"1":1,"2":11,"3":11,"4":11,"5":44},"b":{"0":[11,33],"1":[2,9]},"_coverageSchema":"1a1c01bbd47fc00a2c39e90264f33305004495a9","hash":"e012ca9ce2be64bd3b410739918d8b26a246b9c2"}
,"C:\\Users\\David\\Documents\\SWEN661\\Team8_CC_React\\CareConnect\\careconnect-react\\src\\store\\healthReportsStore.ts": {"path":"C:\\Users\\David\\Documents\\SWEN661\\Team8_CC_React\\CareConnect\\careconnect-react\\src\\store\\healthReportsStore.ts","statementMap":{"0":{"start":{"line":10,"column":36},"end":{"line":25,"column":1}},"1":{"start":{"line":27,"column":37},"end":{"line":43,"column":3}},"2":{"start":{"line":27,"column":74},"end":{"line":43,"column":1}},"3":{"start":{"line":32,"column":4},"end":{"line":32,"column":31}},"4":{"start":{"line":33,"column":4},"end":{"line":33,"column":65}},"5":{"start":{"line":33,"column":39},"end":{"line":33,"column":64}},"6":{"start":{"line":34,"column":36},"end":{"line":40,"column":5}},"7":{"start":{"line":41,"column":4},"end":{"line":41,"column":75}},"8":{"start":{"line":41,"column":14},"end":{"line":41,"column":73}}},"fnMap":{"0":{"name":"(anonymous_0)","decl":{"start":{"line":27,"column":64},"end":{"line":27,"column":65}},"loc":{"start":{"line":27,"column":74},"end":{"line":43,"column":1}},"line":27},"1":{"name":"(anonymous_1)","decl":{"start":{"line":31,"column":18},"end":{"line":31,"column":19}},"loc":{"start":{"line":31,"column":43},"end":{"line":42,"column":3}},"line":31},"2":{"name":"(anonymous_2)","decl":{"start":{"line":33,"column":28},"end":{"line":33,"column":29}},"loc":{"start":{"line":33,"column":39},"end":{"line":33,"column":64}},"line":33},"3":{"name":"(anonymous_3)","decl":{"start":{"line":41,"column":8},"end":{"line":41,"column":9}},"loc":{"start":{"line":41,"column":14},"end":{"line":41,"column":73}},"line":41}},"branchMap":{},"s":{"0":1,"1":1,"2":1,"3":12,"4":12,"5":12,"6":12,"7":12,"8":12},"f":{"0":1,"1":12,"2":12,"3":12},"b":{},"_coverageSchema":"1a1c01bbd47fc00a2c39e90264f33305004495a9","hash":"839fd3e86ef8be870094f62045f7ddf0a9b92e21"}
,"C:\\Users\\David\\Documents\\SWEN661\\Team8_CC_React\\CareConnect\\careconnect-react\\src\\store\\medicationsStore.ts": {"path":"C:\\Users\\David\\Documents\\SWEN661\\Team8_CC_React\\CareConnect\\careconnect-react\\src\\store\\medicationsStore.ts","statementMap":{"0":{"start":{"line":14,"column":31},"end":{"line":21,"column":1}},"1":{"start":{"line":23,"column":35},"end":{"line":44,"column":3}},"2":{"start":{"line":23,"column":70},"end":{"line":44,"column":1}},"3":{"start":{"line":27,"column":21},"end":{"line":29,"column":5}},"4":{"start":{"line":27,"column":31},"end":{"line":29,"column":3}},"5":{"start":{"line":28,"column":40},"end":{"line":28,"column":79}},"6":{"start":{"line":31,"column":21},"end":{"line":33,"column":5}},"7":{"start":{"line":31,"column":31},"end":{"line":33,"column":3}},"8":{"start":{"line":32,"column":40},"end":{"line":32,"column":80}},"9":{"start":{"line":35,"column":29},"end":{"line":35,"column":56}},"10":{"start":{"line":37,"column":26},"end":{"line":39,"column":5}},"11":{"start":{"line":37,"column":36},"end":{"line":39,"column":3}},"12":{"start":{"line":41,"column":28},"end":{"line":43,"column":5}},"13":{"start":{"line":41,"column":38},"end":{"line":43,"column":3}},"14":{"start":{"line":42,"column":43},"end":{"line":42,"column":54}}},"fnMap":{"0":{"name":"(anonymous_0)","decl":{"start":{"line":23,"column":60},"end":{"line":23,"column":61}},"loc":{"start":{"line":23,"column":70},"end":{"line":44,"column":1}},"line":23},"1":{"name":"(anonymous_1)","decl":{"start":{"line":27,"column":13},"end":{"line":27,"column":14}},"loc":{"start":{"line":27,"column":21},"end":{"line":29,"column":5}},"line":27},"2":{"name":"(anonymous_2)","decl":{"start":{"line":27,"column":25},"end":{"line":27,"column":26}},"loc":{"start":{"line":27,"column":31},"end":{"line":29,"column":3}},"line":27},"3":{"name":"(anonymous_3)","decl":{"start":{"line":28,"column":35},"end":{"line":28,"column":36}},"loc":{"start":{"line":28,"column":40},"end":{"line":28,"column":79}},"line":28},"4":{"name":"(anonymous_4)","decl":{"start":{"line":31,"column":13},"end":{"line":31,"column":14}},"loc":{"start":{"line":31,"column":21},"end":{"line":33,"column":5}},"line":31},"5":{"name":"(anonymous_5)","decl":{"start":{"line":31,"column":25},"end":{"line":31,"column":26}},"loc":{"start":{"line":31,"column":31},"end":{"line":33,"column":3}},"line":31},"6":{"name":"(anonymous_6)","decl":{"start":{"line":32,"column":35},"end":{"line":32,"column":36}},"loc":{"start":{"line":32,"column":40},"end":{"line":32,"column":80}},"line":32},"7":{"name":"(anonymous_7)","decl":{"start":{"line":35,"column":18},"end":{"line":35,"column":19}},"loc":{"start":{"line":35,"column":29},"end":{"line":35,"column":56}},"line":35},"8":{"name":"(anonymous_8)","decl":{"start":{"line":37,"column":17},"end":{"line":37,"column":18}},"loc":{"start":{"line":37,"column":26},"end":{"line":39,"column":5}},"line":37},"9":{"name":"(anonymous_9)","decl":{"start":{"line":37,"column":30},"end":{"line":37,"column":31}},"loc":{"start":{"line":37,"column":36},"end":{"line":39,"column":3}},"line":37},"10":{"name":"(anonymous_10)","decl":{"start":{"line":41,"column":20},"end":{"line":41,"column":21}},"loc":{"start":{"line":41,"column":28},"end":{"line":43,"column":5}},"line":41},"11":{"name":"(anonymous_11)","decl":{"start":{"line":41,"column":32},"end":{"line":41,"column":33}},"loc":{"start":{"line":41,"column":38},"end":{"line":43,"column":3}},"line":41},"12":{"name":"(anonymous_12)","decl":{"start":{"line":42,"column":38},"end":{"line":42,"column":39}},"loc":{"start":{"line":42,"column":43},"end":{"line":42,"column":54}},"line":42}},"branchMap":{"0":{"loc":{"start":{"line":28,"column":40},"end":{"line":28,"column":79}},"type":"cond-expr","locations":[{"start":{"line":28,"column":54},"end":{"line":28,"column":75}},{"start":{"line":28,"column":78},"end":{"line":28,"column":79}}],"line":28},"1":{"loc":{"start":{"line":32,"column":40},"end":{"line":32,"column":80}},"type":"cond-expr","locations":[{"start":{"line":32,"column":54},"end":{"line":32,"column":76}},{"start":{"line":32,"column":79},"end":{"line":32,"column":80}}],"line":32}},"s":{"0":1,"1":1,"2":1,"3":6,"4":6,"5":36,"6":4,"7":4,"8":24,"9":5,"10":6,"11":6,"12":10,"13":10,"14":45},"f":{"0":1,"1":6,"2":6,"3":36,"4":4,"5":4,"6":24,"7":5,"8":6,"9":6,"10":10,"11":10,"12":45},"b":{"0":[5,31],"1":[4,20]},"_coverageSchema":"1a1c01bbd47fc00a2c39e90264f33305004495a9","hash":"f38e94b5f75efd2b4022bc7ce8c78c9d14ee1cab"}
,"C:\\Users\\David\\Documents\\SWEN661\\Team8_CC_React\\CareConnect\\careconnect-react\\src\\store\\remindersStore.ts": {"path":"C:\\Users\\David\\Documents\\SWEN661\\Team8_CC_React\\CareConnect\\careconnect-react\\src\\store\\remindersStore.ts","statementMap":{"0":{"start":{"line":12,"column":34},"end":{"line":17,"column":1}},"1":{"start":{"line":19,"column":33},"end":{"line":37,"column":3}},"2":{"start":{"line":19,"column":66},"end":{"line":37,"column":1}},"3":{"start":{"line":22,"column":29},"end":{"line":24,"column":5}},"4":{"start":{"line":22,"column":39},"end":{"line":24,"column":3}},"5":{"start":{"line":26,"column":26},"end":{"line":28,"column":5}},"6":{"start":{"line":26,"column":36},"end":{"line":28,"column":3}},"7":{"start":{"line":27,"column":39},"end":{"line":27,"column":50}},"8":{"start":{"line":30,"column":26},"end":{"line":32,"column":5}},"9":{"start":{"line":30,"column":36},"end":{"line":32,"column":3}},"10":{"start":{"line":31,"column":36},"end":{"line":31,"column":83}},"11":{"start":{"line":34,"column":35},"end":{"line":36,"column":5}},"12":{"start":{"line":34,"column":45},"end":{"line":36,"column":3}},"13":{"start":{"line":35,"column":36},"end":{"line":35,"column":74}}},"fnMap":{"0":{"name":"(anonymous_0)","decl":{"start":{"line":19,"column":56},"end":{"line":19,"column":57}},"loc":{"start":{"line":19,"column":66},"end":{"line":37,"column":1}},"line":19},"1":{"name":"(anonymous_1)","decl":{"start":{"line":22,"column":15},"end":{"line":22,"column":16}},"loc":{"start":{"line":22,"column":29},"end":{"line":24,"column":5}},"line":22},"2":{"name":"(anonymous_2)","decl":{"start":{"line":22,"column":33},"end":{"line":22,"column":34}},"loc":{"start":{"line":22,"column":39},"end":{"line":24,"column":3}},"line":22},"3":{"name":"(anonymous_3)","decl":{"start":{"line":26,"column":18},"end":{"line":26,"column":19}},"loc":{"start":{"line":26,"column":26},"end":{"line":28,"column":5}},"line":26},"4":{"name":"(anonymous_4)","decl":{"start":{"line":26,"column":30},"end":{"line":26,"column":31}},"loc":{"start":{"line":26,"column":36},"end":{"line":28,"column":3}},"line":26},"5":{"name":"(anonymous_5)","decl":{"start":{"line":27,"column":34},"end":{"line":27,"column":35}},"loc":{"start":{"line":27,"column":39},"end":{"line":27,"column":50}},"line":27},"6":{"name":"(anonymous_6)","decl":{"start":{"line":30,"column":18},"end":{"line":30,"column":19}},"loc":{"start":{"line":30,"column":26},"end":{"line":32,"column":5}},"line":30},"7":{"name":"(anonymous_7)","decl":{"start":{"line":30,"column":30},"end":{"line":30,"column":31}},"loc":{"start":{"line":30,"column":36},"end":{"line":32,"column":3}},"line":30},"8":{"name":"(anonymous_8)","decl":{"start":{"line":31,"column":31},"end":{"line":31,"column":32}},"loc":{"start":{"line":31,"column":36},"end":{"line":31,"column":83}},"line":31},"9":{"name":"(anonymous_9)","decl":{"start":{"line":34,"column":18},"end":{"line":34,"column":19}},"loc":{"start":{"line":34,"column":35},"end":{"line":36,"column":5}},"line":34},"10":{"name":"(anonymous_10)","decl":{"start":{"line":34,"column":39},"end":{"line":34,"column":40}},"loc":{"start":{"line":34,"column":45},"end":{"line":36,"column":3}},"line":34},"11":{"name":"(anonymous_11)","decl":{"start":{"line":35,"column":31},"end":{"line":35,"column":32}},"loc":{"start":{"line":35,"column":36},"end":{"line":35,"column":74}},"line":35}},"branchMap":{"0":{"loc":{"start":{"line":31,"column":36},"end":{"line":31,"column":83}},"type":"cond-expr","locations":[{"start":{"line":31,"column":50},"end":{"line":31,"column":79}},{"start":{"line":31,"column":82},"end":{"line":31,"column":83}}],"line":31},"1":{"loc":{"start":{"line":35,"column":36},"end":{"line":35,"column":74}},"type":"cond-expr","locations":[{"start":{"line":35,"column":50},"end":{"line":35,"column":70}},{"start":{"line":35,"column":73},"end":{"line":35,"column":74}}],"line":35}},"s":{"0":1,"1":1,"2":1,"3":6,"4":6,"5":8,"6":8,"7":26,"8":6,"9":6,"10":24,"11":6,"12":6,"13":24},"f":{"0":1,"1":6,"2":6,"3":8,"4":8,"5":26,"6":6,"7":6,"8":24,"9":6,"10":6,"11":24},"b":{"0":[6,18],"1":[6,18]},"_coverageSchema":"1a1c01bbd47fc00a2c39e90264f33305004495a9","hash":"150c9764c86498aa540a9a44a7d58d9e0150c4b3"}
,"C:\\Users\\David\\Documents\\SWEN661\\Team8_CC_React\\CareConnect\\careconnect-react\\src\\theme\\styles.ts": {"path":"C:\\Users\\David\\Documents\\SWEN661\\Team8_CC_React\\CareConnect\\careconnect-react\\src\\theme\\styles.ts","statementMap":{"0":{"start":{"line":1,"column":17},"end":{"line":23,"column":10}},"1":{"start":{"line":25,"column":17},"end":{"line":34,"column":1}},"2":{"start":{"line":36,"column":20},"end":{"line":42,"column":1}},"3":{"start":{"line":44,"column":25},"end":{"line":54,"column":1}},"4":{"start":{"line":56,"column":26},"end":{"line":66,"column":1}},"5":{"start":{"line":68,"column":27},"end":{"line":80,"column":1}}},"fnMap":{},"branchMap":{},"s":{"0":5,"1":5,"2":5,"3":5,"4":5,"5":5},"f":{},"b":{},"_coverageSchema":"1a1c01bbd47fc00a2c39e90264f33305004495a9","hash":"3bbeaa15bba9667ebcfbeb11c8d625797e331a83"}
}
