{"C:\\Users\\brice\\Team8_CC_React\\CareConnect\\careconnect-react\\src\\components\\AlertBanner.tsx": {"path":"C:\\Users\\brice\\Team8_CC_React\\CareConnect\\careconnect-react\\src\\components\\AlertBanner.tsx","statementMap":{"0":{"start":{"line":14,"column":2},"end":{"line":39,"column":3}}},"fnMap":{"0":{"name":"AlertBanner","decl":{"start":{"line":13,"column":24},"end":{"line":13,"column":35}},"loc":{"start":{"line":13,"column":95},"end":{"line":40,"column":1}},"line":13}},"branchMap":{"0":{"loc":{"start":{"line":32,"column":9},"end":{"line":36,"column":9}},"type":"binary-expr","locations":[{"start":{"line":32,"column":9},"end":{"line":32,"column":20}},{"start":{"line":32,"column":24},"end":{"line":32,"column":32}},{"start":{"line":33,"column":10},"end":{"line":35,"column":29}}],"line":32}},"s":{"0":7},"f":{"0":7},"b":{"0":[7,3,2]},"_coverageSchema":"1a1c01bbd47fc00a2c39e90264f33305004495a9","hash":"90fce06fdcfd4277cb3590136b01539a40c7cba1"}
,"C:\\Users\\brice\\Team8_CC_React\\CareConnect\\careconnect-react\\src\\components\\AppBar.tsx": {"path":"C:\\Users\\brice\\Team8_CC_React\\CareConnect\\careconnect-react\\src\\components\\AppBar.tsx","statementMap":{"0":{"start":{"line":14,"column":17},"end":{"line":14,"column":36}},"1":{"start":{"line":16,"column":2},"end":{"line":43,"column":3}}},"fnMap":{"0":{"name":"AppBar","decl":{"start":{"line":13,"column":24},"end":{"line":13,"column":30}},"loc":{"start":{"line":13,"column":86},"end":{"line":44,"column":1}},"line":13}},"branchMap":{"0":{"loc":{"start":{"line":13,"column":48},"end":{"line":13,"column":66}},"type":"default-arg","locations":[{"start":{"line":13,"column":60},"end":{"line":13,"column":66}}],"line":13},"1":{"loc":{"start":{"line":27,"column":7},"end":{"line":35,"column":7}},"type":"binary-expr","locations":[{"start":{"line":27,"column":7},"end":{"line":27,"column":13}},{"start":{"line":28,"column":8},"end":{"line":34,"column":27}}],"line":27},"2":{"loc":{"start":{"line":39,"column":7},"end":{"line":41,"column":7}},"type":"binary-expr","locations":[{"start":{"line":39,"column":7},"end":{"line":39,"column":14}},{"start":{"line":40,"column":8},"end":{"line":40,"column":93}}],"line":39}},"s":{"0":9,"1":9},"f":{"0":9},"b":{"0":[7],"1":[9,3],"2":[9,1]},"_coverageSchema":"1a1c01bbd47fc00a2c39e90264f33305004495a9","hash":"feb36d98fc57491cfec05f38bd30c320168b5fd0"}
,"C:\\Users\\brice\\Team8_CC_React\\CareConnect\\careconnect-react\\src\\components\\BottomNav.tsx": {"path":"C:\\Users\\brice\\Team8_CC_React\\CareConnect\\careconnect-react\\src\\components\\BottomNav.tsx","statementMap":{"0":{"start":{"line":6,"column":13},"end":{"line":12,"column":1}},"1":{"start":{"line":20,"column":17},"end":{"line":20,"column":36}},"2":{"start":{"line":22,"column":2},"end":{"line":53,"column":3}},"3":{"start":{"line":32,"column":23},"end":{"line":32,"column":41}},"4":{"start":{"line":33,"column":21},"end":{"line":33,"column":29}},"5":{"start":{"line":34,"column":8},"end":{"line":50,"column":9}},"6":{"start":{"line":37,"column":27},"end":{"line":37,"column":35}}},"fnMap":{"0":{"name":"BottomNav","decl":{"start":{"line":19,"column":24},"end":{"line":19,"column":33}},"loc":{"start":{"line":19,"column":66},"end":{"line":54,"column":1}},"line":19},"1":{"name":"(anonymous_1)","decl":{"start":{"line":31,"column":16},"end":{"line":31,"column":17}},"loc":{"start":{"line":31,"column":28},"end":{"line":51,"column":7}},"line":31},"2":{"name":"(anonymous_2)","decl":{"start":{"line":37,"column":21},"end":{"line":37,"column":22}},"loc":{"start":{"line":37,"column":27},"end":{"line":37,"column":35}},"line":37}},"branchMap":{"0":{"loc":{"start":{"line":45,"column":41},"end":{"line":45,"column":60}},"type":"cond-expr","locations":[{"start":{"line":45,"column":50},"end":{"line":45,"column":53}},{"start":{"line":45,"column":56},"end":{"line":45,"column":60}}],"line":45},"1":{"loc":{"start":{"line":45,"column":69},"end":{"line":45,"column":101}},"type":"cond-expr","locations":[{"start":{"line":45,"column":78},"end":{"line":45,"column":87}},{"start":{"line":45,"column":90},"end":{"line":45,"column":101}}],"line":45},"2":{"loc":{"start":{"line":46,"column":53},"end":{"line":46,"column":75}},"type":"cond-expr","locations":[{"start":{"line":46,"column":62},"end":{"line":46,"column":67}},{"start":{"line":46,"column":70},"end":{"line":46,"column":75}}],"line":46},"3":{"loc":{"start":{"line":46,"column":84},"end":{"line":46,"column":116}},"type":"cond-expr","locations":[{"start":{"line":46,"column":93},"end":{"line":46,"column":102}},{"start":{"line":46,"column":105},"end":{"line":46,"column":116}}],"line":46}},"s":{"0":1,"1":9,"2":9,"3":45,"4":45,"5":45,"6":5},"f":{"0":9,"1":45,"2":5},"b":{"0":[9,36],"1":[9,36],"2":[9,36],"3":[9,36]},"_coverageSchema":"1a1c01bbd47fc00a2c39e90264f33305004495a9","hash":"90755c3a56562c906726c3b90a9d92f52e6809dc"}
,"C:\\Users\\brice\\Team8_CC_React\\CareConnect\\careconnect-react\\src\\components\\StatCard.tsx": {"path":"C:\\Users\\brice\\Team8_CC_React\\CareConnect\\careconnect-react\\src\\components\\StatCard.tsx","statementMap":{"0":{"start":{"line":13,"column":2},"end":{"line":36,"column":3}}},"fnMap":{"0":{"name":"StatCard","decl":{"start":{"line":12,"column":24},"end":{"line":12,"column":32}},"loc":{"start":{"line":12,"column":81},"end":{"line":37,"column":1}},"line":12}},"branchMap":{},"s":{"0":4},"f":{"0":4},"b":{},"_coverageSchema":"1a1c01bbd47fc00a2c39e90264f33305004495a9","hash":"e3df515adb793a47b30446aa883b88cd67fcd09a"}
,"C:\\Users\\brice\\Team8_CC_React\\CareConnect\\careconnect-react\\src\\screens\\LoginScreen.tsx": {"path":"C:\\Users\\brice\\Team8_CC_React\\CareConnect\\careconnect-react\\src\\screens\\LoginScreen.tsx","statementMap":{"0":{"start":{"line":13,"column":21},"end":{"line":13,"column":41}},"1":{"start":{"line":14,"column":59},"end":{"line":14,"column":76}},"2":{"start":{"line":15,"column":28},"end":{"line":15,"column":40}},"3":{"start":{"line":16,"column":34},"end":{"line":16,"column":46}},"4":{"start":{"line":17,"column":42},"end":{"line":17,"column":57}},"5":{"start":{"line":18,"column":42},"end":{"line":18,"column":57}},"6":{"start":{"line":19,"column":48},"end":{"line":19,"column":63}},"7":{"start":{"line":20,"column":40},"end":{"line":20,"column":77}},"8":{"start":{"line":22,"column":19},"end":{"line":28,"column":3}},"9":{"start":{"line":23,"column":19},"end":{"line":23,"column":46}},"10":{"start":{"line":24,"column":4},"end":{"line":24,"column":58}},"11":{"start":{"line":24,"column":23},"end":{"line":24,"column":58}},"12":{"start":{"line":25,"column":4},"end":{"line":25,"column":60}},"13":{"start":{"line":25,"column":19},"end":{"line":25,"column":60}},"14":{"start":{"line":26,"column":4},"end":{"line":26,"column":26}},"15":{"start":{"line":27,"column":4},"end":{"line":27,"column":44}},"16":{"start":{"line":30,"column":23},"end":{"line":35,"column":3}},"17":{"start":{"line":31,"column":4},"end":{"line":31,"column":25}},"18":{"start":{"line":31,"column":19},"end":{"line":31,"column":25}},"19":{"start":{"line":32,"column":4},"end":{"line":32,"column":20}},"20":{"start":{"line":33,"column":4},"end":{"line":33,"column":27}},"21":{"start":{"line":33,"column":21},"end":{"line":33,"column":27}},"22":{"start":{"line":34,"column":4},"end":{"line":34,"column":33}},"23":{"start":{"line":37,"column":28},"end":{"line":41,"column":3}},"24":{"start":{"line":38,"column":4},"end":{"line":38,"column":15}},"25":{"start":{"line":39,"column":4},"end":{"line":39,"column":69}},"26":{"start":{"line":39,"column":27},"end":{"line":39,"column":69}},"27":{"start":{"line":39,"column":48},"end":{"line":39,"column":67}},"28":{"start":{"line":40,"column":4},"end":{"line":40,"column":35}},"29":{"start":{"line":40,"column":19},"end":{"line":40,"column":35}},"30":{"start":{"line":43,"column":31},"end":{"line":47,"column":3}},"31":{"start":{"line":44,"column":4},"end":{"line":44,"column":18}},"32":{"start":{"line":45,"column":4},"end":{"line":45,"column":75}},"33":{"start":{"line":45,"column":30},"end":{"line":45,"column":75}},"34":{"start":{"line":45,"column":51},"end":{"line":45,"column":73}},"35":{"start":{"line":46,"column":4},"end":{"line":46,"column":35}},"36":{"start":{"line":46,"column":19},"end":{"line":46,"column":35}},"37":{"start":{"line":49,"column":2},"end":{"line":184,"column":3}},"38":{"start":{"line":66,"column":10},"end":{"line":69,"column":29}},"39":{"start":{"line":102,"column":27},"end":{"line":102,"column":48}},"40":{"start":{"line":103,"column":26},"end":{"line":103,"column":48}},"41":{"start":{"line":122,"column":27},"end":{"line":122,"column":51}},"42":{"start":{"line":123,"column":26},"end":{"line":123,"column":51}},"43":{"start":{"line":128,"column":27},"end":{"line":128,"column":57}},"44":{"start":{"line":139,"column":41},"end":{"line":139,"column":78}},"45":{"start":{"line":172,"column":41},"end":{"line":172,"column":77}}},"fnMap":{"0":{"name":"LoginScreen","decl":{"start":{"line":12,"column":24},"end":{"line":12,"column":35}},"loc":{"start":{"line":12,"column":38},"end":{"line":185,"column":1}},"line":12},"1":{"name":"(anonymous_1)","decl":{"start":{"line":22,"column":19},"end":{"line":22,"column":20}},"loc":{"start":{"line":22,"column":25},"end":{"line":28,"column":3}},"line":22},"2":{"name":"(anonymous_2)","decl":{"start":{"line":30,"column":23},"end":{"line":30,"column":24}},"loc":{"start":{"line":30,"column":35},"end":{"line":35,"column":3}},"line":30},"3":{"name":"(anonymous_3)","decl":{"start":{"line":37,"column":28},"end":{"line":37,"column":29}},"loc":{"start":{"line":37,"column":43},"end":{"line":41,"column":3}},"line":37},"4":{"name":"(anonymous_4)","decl":{"start":{"line":39,"column":42},"end":{"line":39,"column":43}},"loc":{"start":{"line":39,"column":48},"end":{"line":39,"column":67}},"line":39},"5":{"name":"(anonymous_5)","decl":{"start":{"line":43,"column":31},"end":{"line":43,"column":32}},"loc":{"start":{"line":43,"column":46},"end":{"line":47,"column":3}},"line":43},"6":{"name":"(anonymous_6)","decl":{"start":{"line":45,"column":45},"end":{"line":45,"column":46}},"loc":{"start":{"line":45,"column":51},"end":{"line":45,"column":73}},"line":45},"7":{"name":"(anonymous_7)","decl":{"start":{"line":65,"column":93},"end":{"line":65,"column":94}},"loc":{"start":{"line":66,"column":10},"end":{"line":69,"column":29}},"line":66},"8":{"name":"(anonymous_8)","decl":{"start":{"line":102,"column":21},"end":{"line":102,"column":22}},"loc":{"start":{"line":102,"column":27},"end":{"line":102,"column":48}},"line":102},"9":{"name":"(anonymous_9)","decl":{"start":{"line":103,"column":20},"end":{"line":103,"column":21}},"loc":{"start":{"line":103,"column":26},"end":{"line":103,"column":48}},"line":103},"10":{"name":"(anonymous_10)","decl":{"start":{"line":122,"column":21},"end":{"line":122,"column":22}},"loc":{"start":{"line":122,"column":27},"end":{"line":122,"column":51}},"line":122},"11":{"name":"(anonymous_11)","decl":{"start":{"line":123,"column":20},"end":{"line":123,"column":21}},"loc":{"start":{"line":123,"column":26},"end":{"line":123,"column":51}},"line":123},"12":{"name":"(anonymous_12)","decl":{"start":{"line":128,"column":21},"end":{"line":128,"column":22}},"loc":{"start":{"line":128,"column":27},"end":{"line":128,"column":57}},"line":128},"13":{"name":"(anonymous_13)","decl":{"start":{"line":139,"column":35},"end":{"line":139,"column":36}},"loc":{"start":{"line":139,"column":41},"end":{"line":139,"column":78}},"line":139},"14":{"name":"(anonymous_14)","decl":{"start":{"line":172,"column":35},"end":{"line":172,"column":36}},"loc":{"start":{"line":172,"column":41},"end":{"line":172,"column":77}},"line":172}},"branchMap":{"0":{"loc":{"start":{"line":24,"column":4},"end":{"line":24,"column":58}},"type":"if","locations":[{"start":{"line":24,"column":4},"end":{"line":24,"column":58}},{"start":{},"end":{}}],"line":24},"1":{"loc":{"start":{"line":25,"column":4},"end":{"line":25,"column":60}},"type":"if","locations":[{"start":{"line":25,"column":4},"end":{"line":25,"column":60}},{"start":{},"end":{}}],"line":25},"2":{"loc":{"start":{"line":27,"column":11},"end":{"line":27,"column":44}},"type":"binary-expr","locations":[{"start":{"line":27,"column":11},"end":{"line":27,"column":24}},{"start":{"line":27,"column":28},"end":{"line":27,"column":44}}],"line":27},"3":{"loc":{"start":{"line":31,"column":4},"end":{"line":31,"column":25}},"type":"if","locations":[{"start":{"line":31,"column":4},"end":{"line":31,"column":25}},{"start":{},"end":{}}],"line":31},"4":{"loc":{"start":{"line":33,"column":4},"end":{"line":33,"column":27}},"type":"if","locations":[{"start":{"line":33,"column":4},"end":{"line":33,"column":27}},{"start":{},"end":{}}],"line":33},"5":{"loc":{"start":{"line":39,"column":4},"end":{"line":39,"column":69}},"type":"if","locations":[{"start":{"line":39,"column":4},"end":{"line":39,"column":69}},{"start":{},"end":{}}],"line":39},"6":{"loc":{"start":{"line":40,"column":4},"end":{"line":40,"column":35}},"type":"if","locations":[{"start":{"line":40,"column":4},"end":{"line":40,"column":35}},{"start":{},"end":{}}],"line":40},"7":{"loc":{"start":{"line":45,"column":4},"end":{"line":45,"column":75}},"type":"if","locations":[{"start":{"line":45,"column":4},"end":{"line":45,"column":75}},{"start":{},"end":{}}],"line":45},"8":{"loc":{"start":{"line":46,"column":4},"end":{"line":46,"column":35}},"type":"if","locations":[{"start":{"line":46,"column":4},"end":{"line":46,"column":35}},{"start":{},"end":{}}],"line":46},"9":{"loc":{"start":{"line":81,"column":7},"end":{"line":86,"column":14}},"type":"cond-expr","locations":[{"start":{"line":82,"column":8},"end":{"line":85,"column":15}},{"start":{"line":86,"column":10},"end":{"line":86,"column":14}}],"line":81},"10":{"loc":{"start":{"line":93,"column":35},"end":{"line":93,"column":74}},"type":"cond-expr","locations":[{"start":{"line":93,"column":55},"end":{"line":93,"column":60}},{"start":{"line":93,"column":63},"end":{"line":93,"column":74}}],"line":93},"11":{"loc":{"start":{"line":104,"column":65},"end":{"line":104,"column":128}},"type":"cond-expr","locations":[{"start":{"line":104,"column":85},"end":{"line":104,"column":90}},{"start":{"line":104,"column":93},"end":{"line":104,"column":128}}],"line":104},"12":{"loc":{"start":{"line":104,"column":93},"end":{"line":104,"column":128}},"type":"cond-expr","locations":[{"start":{"line":104,"column":108},"end":{"line":104,"column":117}},{"start":{"line":104,"column":120},"end":{"line":104,"column":128}}],"line":104},"13":{"loc":{"start":{"line":104,"column":143},"end":{"line":104,"column":186}},"type":"cond-expr","locations":[{"start":{"line":104,"column":179},"end":{"line":104,"column":180}},{"start":{"line":104,"column":183},"end":{"line":104,"column":186}}],"line":104},"14":{"loc":{"start":{"line":104,"column":143},"end":{"line":104,"column":176}},"type":"binary-expr","locations":[{"start":{"line":104,"column":143},"end":{"line":104,"column":160}},{"start":{"line":104,"column":164},"end":{"line":104,"column":176}}],"line":104},"15":{"loc":{"start":{"line":107,"column":9},"end":{"line":107,"column":107}},"type":"cond-expr","locations":[{"start":{"line":107,"column":29},"end":{"line":107,"column":100}},{"start":{"line":107,"column":103},"end":{"line":107,"column":107}}],"line":107},"16":{"loc":{"start":{"line":115,"column":35},"end":{"line":115,"column":77}},"type":"cond-expr","locations":[{"start":{"line":115,"column":58},"end":{"line":115,"column":63}},{"start":{"line":115,"column":66},"end":{"line":115,"column":77}}],"line":115},"17":{"loc":{"start":{"line":125,"column":83},"end":{"line":125,"column":152}},"type":"cond-expr","locations":[{"start":{"line":125,"column":106},"end":{"line":125,"column":111}},{"start":{"line":125,"column":114},"end":{"line":125,"column":152}}],"line":125},"18":{"loc":{"start":{"line":125,"column":114},"end":{"line":125,"column":152}},"type":"cond-expr","locations":[{"start":{"line":125,"column":132},"end":{"line":125,"column":141}},{"start":{"line":125,"column":144},"end":{"line":125,"column":152}}],"line":125},"19":{"loc":{"start":{"line":125,"column":167},"end":{"line":125,"column":216}},"type":"cond-expr","locations":[{"start":{"line":125,"column":209},"end":{"line":125,"column":210}},{"start":{"line":125,"column":213},"end":{"line":125,"column":216}}],"line":125},"20":{"loc":{"start":{"line":125,"column":167},"end":{"line":125,"column":206}},"type":"binary-expr","locations":[{"start":{"line":125,"column":167},"end":{"line":125,"column":187}},{"start":{"line":125,"column":191},"end":{"line":125,"column":206}}],"line":125},"21":{"loc":{"start":{"line":131,"column":13},"end":{"line":131,"column":108}},"type":"cond-expr","locations":[{"start":{"line":131,"column":28},"end":{"line":131,"column":68}},{"start":{"line":131,"column":71},"end":{"line":131,"column":108}}],"line":131},"22":{"loc":{"start":{"line":134,"column":9},"end":{"line":134,"column":113}},"type":"cond-expr","locations":[{"start":{"line":134,"column":32},"end":{"line":134,"column":106}},{"start":{"line":134,"column":109},"end":{"line":134,"column":113}}],"line":134},"23":{"loc":{"start":{"line":148,"column":59},"end":{"line":148,"column":78}},"type":"cond-expr","locations":[{"start":{"line":148,"column":71},"end":{"line":148,"column":74}},{"start":{"line":148,"column":77},"end":{"line":148,"column":78}}],"line":148},"24":{"loc":{"start":{"line":150,"column":9},"end":{"line":160,"column":9}},"type":"cond-expr","locations":[{"start":{"line":151,"column":10},"end":{"line":154,"column":13}},{"start":{"line":156,"column":10},"end":{"line":159,"column":13}}],"line":150}},"s":{"0":37,"1":37,"2":37,"3":37,"4":37,"5":37,"6":37,"7":37,"8":37,"9":7,"10":7,"11":3,"12":7,"13":3,"14":7,"15":7,"16":37,"17":7,"18":0,"19":7,"20":7,"21":4,"22":3,"23":37,"24":5,"25":5,"26":0,"27":0,"28":5,"29":0,"30":37,"31":5,"32":5,"33":0,"34":0,"35":5,"36":0,"37":37,"38":74,"39":0,"40":0,"41":0,"42":0,"43":0,"44":1,"45":1},"f":{"0":37,"1":7,"2":7,"3":5,"4":0,"5":5,"6":0,"7":74,"8":0,"9":0,"10":0,"11":0,"12":0,"13":1,"14":1},"b":{"0":[3,4],"1":[3,4],"2":[7,4],"3":[0,7],"4":[4,3],"5":[0,5],"6":[0,5],"7":[0,5],"8":[0,5],"9":[0,37],"10":[3,34],"11":[3,34],"12":[0,34],"13":[3,34],"14":[37,34],"15":[3,34],"16":[3,34],"17":[3,34],"18":[0,34],"19":[3,34],"20":[37,34],"21":[0,37],"22":[3,34],"23":[0,37],"24":[0,37]},"_coverageSchema":"1a1c01bbd47fc00a2c39e90264f33305004495a9","hash":"b42b478da3e125bc69d2823a0f333cac5bc23fb1"}
,"C:\\Users\\brice\\Team8_CC_React\\CareConnect\\careconnect-react\\src\\store\\accountStore.ts": {"path":"C:\\Users\\brice\\Team8_CC_React\\CareConnect\\careconnect-react\\src\\store\\accountStore.ts","statementMap":{"0":{"start":{"line":4,"column":21},"end":{"line":4,"column":34}},"1":{"start":{"line":29,"column":2},"end":{"line":34,"column":3}},"2":{"start":{"line":30,"column":16},"end":{"line":30,"column":56}},"3":{"start":{"line":31,"column":4},"end":{"line":31,"column":37}},"4":{"start":{"line":33,"column":4},"end":{"line":33,"column":13}},"5":{"start":{"line":38,"column":2},"end":{"line":38,"column":68}},"6":{"start":{"line":42,"column":2},"end":{"line":42,"column":90}},"7":{"start":{"line":42,"column":34},"end":{"line":42,"column":38}},"8":{"start":{"line":45,"column":31},"end":{"line":128,"column":3}},"9":{"start":{"line":45,"column":62},"end":{"line":128,"column":1}},"10":{"start":{"line":54,"column":4},"end":{"line":54,"column":42}},"11":{"start":{"line":54,"column":36},"end":{"line":54,"column":42}},"12":{"start":{"line":55,"column":4},"end":{"line":55,"column":45}},"13":{"start":{"line":56,"column":4},"end":{"line":56,"column":64}},"14":{"start":{"line":56,"column":39},"end":{"line":56,"column":63}},"15":{"start":{"line":58,"column":21},"end":{"line":58,"column":40}},"16":{"start":{"line":59,"column":20},"end":{"line":59,"column":92}},"17":{"start":{"line":59,"column":39},"end":{"line":59,"column":91}},"18":{"start":{"line":61,"column":4},"end":{"line":64,"column":5}},"19":{"start":{"line":62,"column":6},"end":{"line":62,"column":111}},"20":{"start":{"line":63,"column":6},"end":{"line":63,"column":12}},"21":{"start":{"line":66,"column":4},"end":{"line":69,"column":5}},"22":{"start":{"line":67,"column":6},"end":{"line":67,"column":83}},"23":{"start":{"line":68,"column":6},"end":{"line":68,"column":12}},"24":{"start":{"line":71,"column":4},"end":{"line":78,"column":6}},"25":{"start":{"line":82,"column":4},"end":{"line":82,"column":45}},"26":{"start":{"line":83,"column":4},"end":{"line":83,"column":64}},"27":{"start":{"line":83,"column":39},"end":{"line":83,"column":63}},"28":{"start":{"line":85,"column":21},"end":{"line":85,"column":40}},"29":{"start":{"line":86,"column":19},"end":{"line":86,"column":91}},"30":{"start":{"line":86,"column":38},"end":{"line":86,"column":90}},"31":{"start":{"line":88,"column":4},"end":{"line":91,"column":5}},"32":{"start":{"line":89,"column":6},"end":{"line":89,"column":112}},"33":{"start":{"line":90,"column":6},"end":{"line":90,"column":18}},"34":{"start":{"line":93,"column":38},"end":{"line":93,"column":104}},"35":{"start":{"line":94,"column":4},"end":{"line":94,"column":49}},"36":{"start":{"line":96,"column":4},"end":{"line":103,"column":6}},"37":{"start":{"line":104,"column":4},"end":{"line":104,"column":15}},"38":{"start":{"line":108,"column":21},"end":{"line":108,"column":40}},"39":{"start":{"line":109,"column":4},"end":{"line":109,"column":83}},"40":{"start":{"line":109,"column":30},"end":{"line":109,"column":82}},"41":{"start":{"line":113,"column":21},"end":{"line":113,"column":40}},"42":{"start":{"line":114,"column":16},"end":{"line":114,"column":93}},"43":{"start":{"line":114,"column":40},"end":{"line":114,"column":92}},"44":{"start":{"line":115,"column":4},"end":{"line":115,"column":32}},"45":{"start":{"line":115,"column":20},"end":{"line":115,"column":32}},"46":{"start":{"line":116,"column":4},"end":{"line":116,"column":63}},"47":{"start":{"line":117,"column":4},"end":{"line":117,"column":32}},"48":{"start":{"line":118,"column":4},"end":{"line":118,"column":15}},"49":{"start":{"line":121,"column":24},"end":{"line":121,"column":48}},"50":{"start":{"line":123,"column":17},"end":{"line":123,"column":108}},"51":{"start":{"line":126,"column":4},"end":{"line":126,"column":66}}},"fnMap":{"0":{"name":"getAccounts","decl":{"start":{"line":28,"column":15},"end":{"line":28,"column":26}},"loc":{"start":{"line":28,"column":55},"end":{"line":35,"column":1}},"line":28},"1":{"name":"saveAccounts","decl":{"start":{"line":37,"column":15},"end":{"line":37,"column":27}},"loc":{"start":{"line":37,"column":70},"end":{"line":39,"column":1}},"line":37},"2":{"name":"makeInitials","decl":{"start":{"line":41,"column":9},"end":{"line":41,"column":21}},"loc":{"start":{"line":41,"column":44},"end":{"line":43,"column":1}},"line":41},"3":{"name":"(anonymous_3)","decl":{"start":{"line":42,"column":29},"end":{"line":42,"column":30}},"loc":{"start":{"line":42,"column":34},"end":{"line":42,"column":38}},"line":42},"4":{"name":"(anonymous_4)","decl":{"start":{"line":45,"column":52},"end":{"line":45,"column":53}},"loc":{"start":{"line":45,"column":62},"end":{"line":128,"column":1}},"line":45},"5":{"name":"(anonymous_5)","decl":{"start":{"line":53,"column":10},"end":{"line":53,"column":11}},"loc":{"start":{"line":53,"column":37},"end":{"line":79,"column":3}},"line":53},"6":{"name":"(anonymous_6)","decl":{"start":{"line":56,"column":28},"end":{"line":56,"column":29}},"loc":{"start":{"line":56,"column":39},"end":{"line":56,"column":63}},"line":56},"7":{"name":"(anonymous_7)","decl":{"start":{"line":59,"column":34},"end":{"line":59,"column":35}},"loc":{"start":{"line":59,"column":39},"end":{"line":59,"column":91}},"line":59},"8":{"name":"(anonymous_8)","decl":{"start":{"line":81,"column":17},"end":{"line":81,"column":18}},"loc":{"start":{"line":81,"column":50},"end":{"line":105,"column":3}},"line":81},"9":{"name":"(anonymous_9)","decl":{"start":{"line":83,"column":28},"end":{"line":83,"column":29}},"loc":{"start":{"line":83,"column":39},"end":{"line":83,"column":63}},"line":83},"10":{"name":"(anonymous_10)","decl":{"start":{"line":86,"column":33},"end":{"line":86,"column":34}},"loc":{"start":{"line":86,"column":38},"end":{"line":86,"column":90}},"line":86},"11":{"name":"(anonymous_11)","decl":{"start":{"line":107,"column":20},"end":{"line":107,"column":21}},"loc":{"start":{"line":107,"column":37},"end":{"line":110,"column":3}},"line":107},"12":{"name":"(anonymous_12)","decl":{"start":{"line":109,"column":25},"end":{"line":109,"column":26}},"loc":{"start":{"line":109,"column":30},"end":{"line":109,"column":82}},"line":109},"13":{"name":"(anonymous_13)","decl":{"start":{"line":112,"column":18},"end":{"line":112,"column":19}},"loc":{"start":{"line":112,"column":48},"end":{"line":119,"column":3}},"line":112},"14":{"name":"(anonymous_14)","decl":{"start":{"line":114,"column":35},"end":{"line":114,"column":36}},"loc":{"start":{"line":114,"column":40},"end":{"line":114,"column":92}},"line":114},"15":{"name":"(anonymous_15)","decl":{"start":{"line":121,"column":18},"end":{"line":121,"column":19}},"loc":{"start":{"line":121,"column":24},"end":{"line":121,"column":48}},"line":121},"16":{"name":"(anonymous_16)","decl":{"start":{"line":123,"column":11},"end":{"line":123,"column":12}},"loc":{"start":{"line":123,"column":17},"end":{"line":123,"column":108}},"line":123},"17":{"name":"(anonymous_17)","decl":{"start":{"line":125,"column":17},"end":{"line":125,"column":18}},"loc":{"start":{"line":125,"column":27},"end":{"line":127,"column":3}},"line":125}},"branchMap":{"0":{"loc":{"start":{"line":31,"column":11},"end":{"line":31,"column":37}},"type":"cond-expr","locations":[{"start":{"line":31,"column":17},"end":{"line":31,"column":32}},{"start":{"line":31,"column":35},"end":{"line":31,"column":37}}],"line":31},"1":{"loc":{"start":{"line":54,"column":4},"end":{"line":54,"column":42}},"type":"if","locations":[{"start":{"line":54,"column":4},"end":{"line":54,"column":42}},{"start":{},"end":{}}],"line":54},"2":{"loc":{"start":{"line":54,"column":8},"end":{"line":54,"column":34}},"type":"binary-expr","locations":[{"start":{"line":54,"column":8},"end":{"line":54,"column":21}},{"start":{"line":54,"column":25},"end":{"line":54,"column":34}}],"line":54},"3":{"loc":{"start":{"line":61,"column":4},"end":{"line":64,"column":5}},"type":"if","locations":[{"start":{"line":61,"column":4},"end":{"line":64,"column":5}},{"start":{},"end":{}}],"line":61},"4":{"loc":{"start":{"line":66,"column":4},"end":{"line":69,"column":5}},"type":"if","locations":[{"start":{"line":66,"column":4},"end":{"line":69,"column":5}},{"start":{},"end":{}}],"line":66},"5":{"loc":{"start":{"line":88,"column":4},"end":{"line":91,"column":5}},"type":"if","locations":[{"start":{"line":88,"column":4},"end":{"line":91,"column":5}},{"start":{},"end":{}}],"line":88},"6":{"loc":{"start":{"line":115,"column":4},"end":{"line":115,"column":32}},"type":"if","locations":[{"start":{"line":115,"column":4},"end":{"line":115,"column":32}},{"start":{},"end":{}}],"line":115}},"s":{"0":1,"1":13,"2":13,"3":13,"4":0,"5":0,"6":5,"7":10,"8":1,"9":1,"10":13,"11":0,"12":13,"13":13,"14":13,"15":13,"16":13,"17":0,"18":13,"19":13,"20":13,"21":0,"22":0,"23":0,"24":0,"25":0,"26":0,"27":0,"28":0,"29":0,"30":0,"31":0,"32":0,"33":0,"34":0,"35":0,"36":0,"37":0,"38":0,"39":0,"40":0,"41":0,"42":0,"43":0,"44":0,"45":0,"46":0,"47":0,"48":0,"49":0,"50":4,"51":5},"f":{"0":13,"1":0,"2":5,"3":10,"4":1,"5":13,"6":13,"7":0,"8":0,"9":0,"10":0,"11":0,"12":0,"13":0,"14":0,"15":0,"16":4,"17":5},"b":{"0":[0,13],"1":[0,13],"2":[13,13],"3":[13,0],"4":[0,0],"5":[0,0],"6":[0,0]},"_coverageSchema":"1a1c01bbd47fc00a2c39e90264f33305004495a9","hash":"e9651664301d84ebc2153497490996507d79746e"}
,"C:\\Users\\brice\\Team8_CC_React\\CareConnect\\careconnect-react\\src\\store\\appointmentsStore.ts": {"path":"C:\\Users\\brice\\Team8_CC_React\\CareConnect\\careconnect-react\\src\\store\\appointmentsStore.ts","statementMap":{"0":{"start":{"line":12,"column":40},"end":{"line":40,"column":1}},"1":{"start":{"line":42,"column":36},"end":{"line":66,"column":3}},"2":{"start":{"line":42,"column":77},"end":{"line":66,"column":1}},"3":{"start":{"line":45,"column":28},"end":{"line":47,"column":5}},"4":{"start":{"line":45,"column":38},"end":{"line":47,"column":3}},"5":{"start":{"line":49,"column":29},"end":{"line":53,"column":5}},"6":{"start":{"line":49,"column":39},"end":{"line":53,"column":3}},"7":{"start":{"line":51,"column":6},"end":{"line":51,"column":74}},"8":{"start":{"line":55,"column":46},"end":{"line":59,"column":5}},"9":{"start":{"line":55,"column":56},"end":{"line":59,"column":3}},"10":{"start":{"line":57,"column":6},"end":{"line":57,"column":55}},"11":{"start":{"line":61,"column":31},"end":{"line":65,"column":5}},"12":{"start":{"line":61,"column":41},"end":{"line":65,"column":3}},"13":{"start":{"line":63,"column":6},"end":{"line":63,"column":74}}},"fnMap":{"0":{"name":"(anonymous_0)","decl":{"start":{"line":42,"column":62},"end":{"line":42,"column":63}},"loc":{"start":{"line":42,"column":77},"end":{"line":66,"column":1}},"line":42},"1":{"name":"(anonymous_1)","decl":{"start":{"line":45,"column":18},"end":{"line":45,"column":19}},"loc":{"start":{"line":45,"column":28},"end":{"line":47,"column":5}},"line":45},"2":{"name":"(anonymous_2)","decl":{"start":{"line":45,"column":32},"end":{"line":45,"column":33}},"loc":{"start":{"line":45,"column":38},"end":{"line":47,"column":3}},"line":45},"3":{"name":"(anonymous_3)","decl":{"start":{"line":49,"column":21},"end":{"line":49,"column":22}},"loc":{"start":{"line":49,"column":29},"end":{"line":53,"column":5}},"line":49},"4":{"name":"(anonymous_4)","decl":{"start":{"line":49,"column":33},"end":{"line":49,"column":34}},"loc":{"start":{"line":49,"column":39},"end":{"line":53,"column":3}},"line":49},"5":{"name":"(anonymous_5)","decl":{"start":{"line":50,"column":37},"end":{"line":50,"column":38}},"loc":{"start":{"line":51,"column":6},"end":{"line":51,"column":74}},"line":51},"6":{"name":"(anonymous_6)","decl":{"start":{"line":55,"column":25},"end":{"line":55,"column":26}},"loc":{"start":{"line":55,"column":46},"end":{"line":59,"column":5}},"line":55},"7":{"name":"(anonymous_7)","decl":{"start":{"line":55,"column":50},"end":{"line":55,"column":51}},"loc":{"start":{"line":55,"column":56},"end":{"line":59,"column":3}},"line":55},"8":{"name":"(anonymous_8)","decl":{"start":{"line":56,"column":37},"end":{"line":56,"column":38}},"loc":{"start":{"line":57,"column":6},"end":{"line":57,"column":55}},"line":57},"9":{"name":"(anonymous_9)","decl":{"start":{"line":61,"column":23},"end":{"line":61,"column":24}},"loc":{"start":{"line":61,"column":31},"end":{"line":65,"column":5}},"line":61},"10":{"name":"(anonymous_10)","decl":{"start":{"line":61,"column":35},"end":{"line":61,"column":36}},"loc":{"start":{"line":61,"column":41},"end":{"line":65,"column":3}},"line":61},"11":{"name":"(anonymous_11)","decl":{"start":{"line":62,"column":37},"end":{"line":62,"column":38}},"loc":{"start":{"line":63,"column":6},"end":{"line":63,"column":74}},"line":63}},"branchMap":{"0":{"loc":{"start":{"line":51,"column":6},"end":{"line":51,"column":74}},"type":"cond-expr","locations":[{"start":{"line":51,"column":20},"end":{"line":51,"column":70}},{"start":{"line":51,"column":73},"end":{"line":51,"column":74}}],"line":51},"1":{"loc":{"start":{"line":57,"column":6},"end":{"line":57,"column":55}},"type":"cond-expr","locations":[{"start":{"line":57,"column":20},"end":{"line":57,"column":51}},{"start":{"line":57,"column":54},"end":{"line":57,"column":55}}],"line":57},"2":{"loc":{"start":{"line":63,"column":6},"end":{"line":63,"column":74}},"type":"cond-expr","locations":[{"start":{"line":63,"column":20},"end":{"line":63,"column":70}},{"start":{"line":63,"column":73},"end":{"line":63,"column":74}}],"line":63}},"s":{"0":1,"1":1,"2":1,"3":5,"4":5,"5":6,"6":6,"7":18,"8":4,"9":4,"10":12,"11":5,"12":5,"13":15},"f":{"0":1,"1":5,"2":5,"3":6,"4":6,"5":18,"6":4,"7":4,"8":12,"9":5,"10":5,"11":15},"b":{"0":[5,13],"1":[4,8],"2":[5,10]},"_coverageSchema":"1a1c01bbd47fc00a2c39e90264f33305004495a9","hash":"f0bb1ed408bfb765b206fa1aa0688c2606315db6"}
,"C:\\Users\\brice\\Team8_CC_React\\CareConnect\\careconnect-react\\src\\store\\careTeamStore.ts": {"path":"C:\\Users\\brice\\Team8_CC_React\\CareConnect\\careconnect-react\\src\\store\\careTeamStore.ts","statementMap":{"0":{"start":{"line":11,"column":38},"end":{"line":36,"column":1}},"1":{"start":{"line":38,"column":32},"end":{"line":52,"column":3}},"2":{"start":{"line":38,"column":64},"end":{"line":52,"column":1}},"3":{"start":{"line":41,"column":25},"end":{"line":43,"column":5}},"4":{"start":{"line":41,"column":35},"end":{"line":43,"column":3}},"5":{"start":{"line":45,"column":24},"end":{"line":47,"column":5}},"6":{"start":{"line":45,"column":34},"end":{"line":47,"column":3}},"7":{"start":{"line":46,"column":35},"end":{"line":46,"column":46}},"8":{"start":{"line":49,"column":33},"end":{"line":51,"column":5}},"9":{"start":{"line":49,"column":43},"end":{"line":51,"column":3}},"10":{"start":{"line":50,"column":32},"end":{"line":50,"column":70}}},"fnMap":{"0":{"name":"(anonymous_0)","decl":{"start":{"line":38,"column":54},"end":{"line":38,"column":55}},"loc":{"start":{"line":38,"column":64},"end":{"line":52,"column":1}},"line":38},"1":{"name":"(anonymous_1)","decl":{"start":{"line":41,"column":13},"end":{"line":41,"column":14}},"loc":{"start":{"line":41,"column":25},"end":{"line":43,"column":5}},"line":41},"2":{"name":"(anonymous_2)","decl":{"start":{"line":41,"column":29},"end":{"line":41,"column":30}},"loc":{"start":{"line":41,"column":35},"end":{"line":43,"column":3}},"line":41},"3":{"name":"(anonymous_3)","decl":{"start":{"line":45,"column":16},"end":{"line":45,"column":17}},"loc":{"start":{"line":45,"column":24},"end":{"line":47,"column":5}},"line":45},"4":{"name":"(anonymous_4)","decl":{"start":{"line":45,"column":28},"end":{"line":45,"column":29}},"loc":{"start":{"line":45,"column":34},"end":{"line":47,"column":3}},"line":45},"5":{"name":"(anonymous_5)","decl":{"start":{"line":46,"column":30},"end":{"line":46,"column":31}},"loc":{"start":{"line":46,"column":35},"end":{"line":46,"column":46}},"line":46},"6":{"name":"(anonymous_6)","decl":{"start":{"line":49,"column":16},"end":{"line":49,"column":17}},"loc":{"start":{"line":49,"column":33},"end":{"line":51,"column":5}},"line":49},"7":{"name":"(anonymous_7)","decl":{"start":{"line":49,"column":37},"end":{"line":49,"column":38}},"loc":{"start":{"line":49,"column":43},"end":{"line":51,"column":3}},"line":49},"8":{"name":"(anonymous_8)","decl":{"start":{"line":50,"column":27},"end":{"line":50,"column":28}},"loc":{"start":{"line":50,"column":32},"end":{"line":50,"column":70}},"line":50}},"branchMap":{"0":{"loc":{"start":{"line":50,"column":32},"end":{"line":50,"column":70}},"type":"cond-expr","locations":[{"start":{"line":50,"column":46},"end":{"line":50,"column":66}},{"start":{"line":50,"column":69},"end":{"line":50,"column":70}}],"line":50}},"s":{"0":1,"1":1,"2":1,"3":6,"4":6,"5":7,"6":7,"7":18,"8":9,"9":9,"10":27},"f":{"0":1,"1":6,"2":6,"3":7,"4":7,"5":18,"6":9,"7":9,"8":27},"b":{"0":[9,18]},"_coverageSchema":"1a1c01bbd47fc00a2c39e90264f33305004495a9","hash":"310cb216905aa0a5dcb556999d7e521c45884ebf"}
,"C:\\Users\\brice\\Team8_CC_React\\CareConnect\\careconnect-react\\src\\store\\healthMetricsStore.ts": {"path":"C:\\Users\\brice\\Team8_CC_React\\CareConnect\\careconnect-react\\src\\store\\healthMetricsStore.ts","statementMap":{"0":{"start":{"line":10,"column":12},"end":{"line":10,"column":22}},"1":{"start":{"line":11,"column":10},"end":{"line":11,"column":97}},"2":{"start":{"line":11,"column":30},"end":{"line":11,"column":97}},"3":{"start":{"line":13,"column":36},"end":{"line":78,"column":1}},"4":{"start":{"line":80,"column":37},"end":{"line":97,"column":3}},"5":{"start":{"line":80,"column":74},"end":{"line":97,"column":1}},"6":{"start":{"line":85,"column":4},"end":{"line":85,"column":34}},"7":{"start":{"line":86,"column":4},"end":{"line":86,"column":64}},"8":{"start":{"line":86,"column":39},"end":{"line":86,"column":63}},"9":{"start":{"line":87,"column":34},"end":{"line":87,"column":82}},"10":{"start":{"line":88,"column":4},"end":{"line":95,"column":7}},"11":{"start":{"line":88,"column":14},"end":{"line":95,"column":5}},"12":{"start":{"line":91,"column":8},"end":{"line":93,"column":13}}},"fnMap":{"0":{"name":"(anonymous_0)","decl":{"start":{"line":11,"column":10},"end":{"line":11,"column":11}},"loc":{"start":{"line":11,"column":30},"end":{"line":11,"column":97}},"line":11},"1":{"name":"(anonymous_1)","decl":{"start":{"line":80,"column":64},"end":{"line":80,"column":65}},"loc":{"start":{"line":80,"column":74},"end":{"line":97,"column":1}},"line":80},"2":{"name":"(anonymous_2)","decl":{"start":{"line":84,"column":14},"end":{"line":84,"column":15}},"loc":{"start":{"line":84,"column":57},"end":{"line":96,"column":3}},"line":84},"3":{"name":"(anonymous_3)","decl":{"start":{"line":86,"column":28},"end":{"line":86,"column":29}},"loc":{"start":{"line":86,"column":39},"end":{"line":86,"column":63}},"line":86},"4":{"name":"(anonymous_4)","decl":{"start":{"line":88,"column":8},"end":{"line":88,"column":9}},"loc":{"start":{"line":88,"column":14},"end":{"line":95,"column":5}},"line":88},"5":{"name":"(anonymous_5)","decl":{"start":{"line":90,"column":29},"end":{"line":90,"column":30}},"loc":{"start":{"line":91,"column":8},"end":{"line":93,"column":13}},"line":91}},"branchMap":{"0":{"loc":{"start":{"line":91,"column":8},"end":{"line":93,"column":13}},"type":"cond-expr","locations":[{"start":{"line":92,"column":12},"end":{"line":92,"column":131}},{"start":{"line":93,"column":12},"end":{"line":93,"column":13}}],"line":91},"1":{"loc":{"start":{"line":92,"column":68},"end":{"line":92,"column":129}},"type":"cond-expr","locations":[{"start":{"line":92,"column":85},"end":{"line":92,"column":113}},{"start":{"line":92,"column":116},"end":{"line":92,"column":129}}],"line":92}},"s":{"0":1,"1":1,"2":28,"3":1,"4":1,"5":1,"6":11,"7":11,"8":11,"9":11,"10":11,"11":11,"12":44},"f":{"0":28,"1":1,"2":11,"3":11,"4":11,"5":44},"b":{"0":[11,33],"1":[2,9]},"_coverageSchema":"1a1c01bbd47fc00a2c39e90264f33305004495a9","hash":"c02f7b7e03aadba2e6286c5b225e1c9610e4983a"}
,"C:\\Users\\brice\\Team8_CC_React\\CareConnect\\careconnect-react\\src\\store\\healthReportsStore.ts": {"path":"C:\\Users\\brice\\Team8_CC_React\\CareConnect\\careconnect-react\\src\\store\\healthReportsStore.ts","statementMap":{"0":{"start":{"line":10,"column":36},"end":{"line":25,"column":1}},"1":{"start":{"line":27,"column":37},"end":{"line":43,"column":3}},"2":{"start":{"line":27,"column":74},"end":{"line":43,"column":1}},"3":{"start":{"line":32,"column":4},"end":{"line":32,"column":31}},"4":{"start":{"line":33,"column":4},"end":{"line":33,"column":65}},"5":{"start":{"line":33,"column":39},"end":{"line":33,"column":64}},"6":{"start":{"line":34,"column":36},"end":{"line":40,"column":5}},"7":{"start":{"line":41,"column":4},"end":{"line":41,"column":75}},"8":{"start":{"line":41,"column":14},"end":{"line":41,"column":73}}},"fnMap":{"0":{"name":"(anonymous_0)","decl":{"start":{"line":27,"column":64},"end":{"line":27,"column":65}},"loc":{"start":{"line":27,"column":74},"end":{"line":43,"column":1}},"line":27},"1":{"name":"(anonymous_1)","decl":{"start":{"line":31,"column":18},"end":{"line":31,"column":19}},"loc":{"start":{"line":31,"column":43},"end":{"line":42,"column":3}},"line":31},"2":{"name":"(anonymous_2)","decl":{"start":{"line":33,"column":28},"end":{"line":33,"column":29}},"loc":{"start":{"line":33,"column":39},"end":{"line":33,"column":64}},"line":33},"3":{"name":"(anonymous_3)","decl":{"start":{"line":41,"column":8},"end":{"line":41,"column":9}},"loc":{"start":{"line":41,"column":14},"end":{"line":41,"column":73}},"line":41}},"branchMap":{},"s":{"0":1,"1":1,"2":1,"3":12,"4":12,"5":12,"6":12,"7":12,"8":12},"f":{"0":1,"1":12,"2":12,"3":12},"b":{},"_coverageSchema":"1a1c01bbd47fc00a2c39e90264f33305004495a9","hash":"b47497b6ba1fe4eb7436d262ac07d21ab5e0e014"}
,"C:\\Users\\brice\\Team8_CC_React\\CareConnect\\careconnect-react\\src\\store\\medicationsStore.ts": {"path":"C:\\Users\\brice\\Team8_CC_React\\CareConnect\\careconnect-react\\src\\store\\medicationsStore.ts","statementMap":{"0":{"start":{"line":14,"column":31},"end":{"line":21,"column":1}},"1":{"start":{"line":23,"column":35},"end":{"line":44,"column":3}},"2":{"start":{"line":23,"column":70},"end":{"line":44,"column":1}},"3":{"start":{"line":27,"column":21},"end":{"line":29,"column":5}},"4":{"start":{"line":27,"column":31},"end":{"line":29,"column":3}},"5":{"start":{"line":28,"column":40},"end":{"line":28,"column":79}},"6":{"start":{"line":31,"column":21},"end":{"line":33,"column":5}},"7":{"start":{"line":31,"column":31},"end":{"line":33,"column":3}},"8":{"start":{"line":32,"column":40},"end":{"line":32,"column":80}},"9":{"start":{"line":35,"column":29},"end":{"line":35,"column":56}},"10":{"start":{"line":37,"column":26},"end":{"line":39,"column":5}},"11":{"start":{"line":37,"column":36},"end":{"line":39,"column":3}},"12":{"start":{"line":41,"column":28},"end":{"line":43,"column":5}},"13":{"start":{"line":41,"column":38},"end":{"line":43,"column":3}},"14":{"start":{"line":42,"column":43},"end":{"line":42,"column":54}}},"fnMap":{"0":{"name":"(anonymous_0)","decl":{"start":{"line":23,"column":60},"end":{"line":23,"column":61}},"loc":{"start":{"line":23,"column":70},"end":{"line":44,"column":1}},"line":23},"1":{"name":"(anonymous_1)","decl":{"start":{"line":27,"column":13},"end":{"line":27,"column":14}},"loc":{"start":{"line":27,"column":21},"end":{"line":29,"column":5}},"line":27},"2":{"name":"(anonymous_2)","decl":{"start":{"line":27,"column":25},"end":{"line":27,"column":26}},"loc":{"start":{"line":27,"column":31},"end":{"line":29,"column":3}},"line":27},"3":{"name":"(anonymous_3)","decl":{"start":{"line":28,"column":35},"end":{"line":28,"column":36}},"loc":{"start":{"line":28,"column":40},"end":{"line":28,"column":79}},"line":28},"4":{"name":"(anonymous_4)","decl":{"start":{"line":31,"column":13},"end":{"line":31,"column":14}},"loc":{"start":{"line":31,"column":21},"end":{"line":33,"column":5}},"line":31},"5":{"name":"(anonymous_5)","decl":{"start":{"line":31,"column":25},"end":{"line":31,"column":26}},"loc":{"start":{"line":31,"column":31},"end":{"line":33,"column":3}},"line":31},"6":{"name":"(anonymous_6)","decl":{"start":{"line":32,"column":35},"end":{"line":32,"column":36}},"loc":{"start":{"line":32,"column":40},"end":{"line":32,"column":80}},"line":32},"7":{"name":"(anonymous_7)","decl":{"start":{"line":35,"column":18},"end":{"line":35,"column":19}},"loc":{"start":{"line":35,"column":29},"end":{"line":35,"column":56}},"line":35},"8":{"name":"(anonymous_8)","decl":{"start":{"line":37,"column":17},"end":{"line":37,"column":18}},"loc":{"start":{"line":37,"column":26},"end":{"line":39,"column":5}},"line":37},"9":{"name":"(anonymous_9)","decl":{"start":{"line":37,"column":30},"end":{"line":37,"column":31}},"loc":{"start":{"line":37,"column":36},"end":{"line":39,"column":3}},"line":37},"10":{"name":"(anonymous_10)","decl":{"start":{"line":41,"column":20},"end":{"line":41,"column":21}},"loc":{"start":{"line":41,"column":28},"end":{"line":43,"column":5}},"line":41},"11":{"name":"(anonymous_11)","decl":{"start":{"line":41,"column":32},"end":{"line":41,"column":33}},"loc":{"start":{"line":41,"column":38},"end":{"line":43,"column":3}},"line":41},"12":{"name":"(anonymous_12)","decl":{"start":{"line":42,"column":38},"end":{"line":42,"column":39}},"loc":{"start":{"line":42,"column":43},"end":{"line":42,"column":54}},"line":42}},"branchMap":{"0":{"loc":{"start":{"line":28,"column":40},"end":{"line":28,"column":79}},"type":"cond-expr","locations":[{"start":{"line":28,"column":54},"end":{"line":28,"column":75}},{"start":{"line":28,"column":78},"end":{"line":28,"column":79}}],"line":28},"1":{"loc":{"start":{"line":32,"column":40},"end":{"line":32,"column":80}},"type":"cond-expr","locations":[{"start":{"line":32,"column":54},"end":{"line":32,"column":76}},{"start":{"line":32,"column":79},"end":{"line":32,"column":80}}],"line":32}},"s":{"0":1,"1":1,"2":1,"3":6,"4":6,"5":36,"6":4,"7":4,"8":24,"9":5,"10":6,"11":6,"12":10,"13":10,"14":45},"f":{"0":1,"1":6,"2":6,"3":36,"4":4,"5":4,"6":24,"7":5,"8":6,"9":6,"10":10,"11":10,"12":45},"b":{"0":[5,31],"1":[4,20]},"_coverageSchema":"1a1c01bbd47fc00a2c39e90264f33305004495a9","hash":"b3e5cf53eee95a0262fe17084397a9aab05124c7"}
,"C:\\Users\\brice\\Team8_CC_React\\CareConnect\\careconnect-react\\src\\store\\remindersStore.ts": {"path":"C:\\Users\\brice\\Team8_CC_React\\CareConnect\\careconnect-react\\src\\store\\remindersStore.ts","statementMap":{"0":{"start":{"line":12,"column":34},"end":{"line":17,"column":1}},"1":{"start":{"line":19,"column":33},"end":{"line":37,"column":3}},"2":{"start":{"line":19,"column":66},"end":{"line":37,"column":1}},"3":{"start":{"line":22,"column":29},"end":{"line":24,"column":5}},"4":{"start":{"line":22,"column":39},"end":{"line":24,"column":3}},"5":{"start":{"line":26,"column":26},"end":{"line":28,"column":5}},"6":{"start":{"line":26,"column":36},"end":{"line":28,"column":3}},"7":{"start":{"line":27,"column":39},"end":{"line":27,"column":50}},"8":{"start":{"line":30,"column":26},"end":{"line":32,"column":5}},"9":{"start":{"line":30,"column":36},"end":{"line":32,"column":3}},"10":{"start":{"line":31,"column":36},"end":{"line":31,"column":83}},"11":{"start":{"line":34,"column":35},"end":{"line":36,"column":5}},"12":{"start":{"line":34,"column":45},"end":{"line":36,"column":3}},"13":{"start":{"line":35,"column":36},"end":{"line":35,"column":74}}},"fnMap":{"0":{"name":"(anonymous_0)","decl":{"start":{"line":19,"column":56},"end":{"line":19,"column":57}},"loc":{"start":{"line":19,"column":66},"end":{"line":37,"column":1}},"line":19},"1":{"name":"(anonymous_1)","decl":{"start":{"line":22,"column":15},"end":{"line":22,"column":16}},"loc":{"start":{"line":22,"column":29},"end":{"line":24,"column":5}},"line":22},"2":{"name":"(anonymous_2)","decl":{"start":{"line":22,"column":33},"end":{"line":22,"column":34}},"loc":{"start":{"line":22,"column":39},"end":{"line":24,"column":3}},"line":22},"3":{"name":"(anonymous_3)","decl":{"start":{"line":26,"column":18},"end":{"line":26,"column":19}},"loc":{"start":{"line":26,"column":26},"end":{"line":28,"column":5}},"line":26},"4":{"name":"(anonymous_4)","decl":{"start":{"line":26,"column":30},"end":{"line":26,"column":31}},"loc":{"start":{"line":26,"column":36},"end":{"line":28,"column":3}},"line":26},"5":{"name":"(anonymous_5)","decl":{"start":{"line":27,"column":34},"end":{"line":27,"column":35}},"loc":{"start":{"line":27,"column":39},"end":{"line":27,"column":50}},"line":27},"6":{"name":"(anonymous_6)","decl":{"start":{"line":30,"column":18},"end":{"line":30,"column":19}},"loc":{"start":{"line":30,"column":26},"end":{"line":32,"column":5}},"line":30},"7":{"name":"(anonymous_7)","decl":{"start":{"line":30,"column":30},"end":{"line":30,"column":31}},"loc":{"start":{"line":30,"column":36},"end":{"line":32,"column":3}},"line":30},"8":{"name":"(anonymous_8)","decl":{"start":{"line":31,"column":31},"end":{"line":31,"column":32}},"loc":{"start":{"line":31,"column":36},"end":{"line":31,"column":83}},"line":31},"9":{"name":"(anonymous_9)","decl":{"start":{"line":34,"column":18},"end":{"line":34,"column":19}},"loc":{"start":{"line":34,"column":35},"end":{"line":36,"column":5}},"line":34},"10":{"name":"(anonymous_10)","decl":{"start":{"line":34,"column":39},"end":{"line":34,"column":40}},"loc":{"start":{"line":34,"column":45},"end":{"line":36,"column":3}},"line":34},"11":{"name":"(anonymous_11)","decl":{"start":{"line":35,"column":31},"end":{"line":35,"column":32}},"loc":{"start":{"line":35,"column":36},"end":{"line":35,"column":74}},"line":35}},"branchMap":{"0":{"loc":{"start":{"line":31,"column":36},"end":{"line":31,"column":83}},"type":"cond-expr","locations":[{"start":{"line":31,"column":50},"end":{"line":31,"column":79}},{"start":{"line":31,"column":82},"end":{"line":31,"column":83}}],"line":31},"1":{"loc":{"start":{"line":35,"column":36},"end":{"line":35,"column":74}},"type":"cond-expr","locations":[{"start":{"line":35,"column":50},"end":{"line":35,"column":70}},{"start":{"line":35,"column":73},"end":{"line":35,"column":74}}],"line":35}},"s":{"0":1,"1":1,"2":1,"3":6,"4":6,"5":8,"6":8,"7":26,"8":6,"9":6,"10":24,"11":6,"12":6,"13":24},"f":{"0":1,"1":6,"2":6,"3":8,"4":8,"5":26,"6":6,"7":6,"8":24,"9":6,"10":6,"11":24},"b":{"0":[6,18],"1":[6,18]},"_coverageSchema":"1a1c01bbd47fc00a2c39e90264f33305004495a9","hash":"48ef4681804546e7074f2d54e5f04289bbbc61a5"}
,"C:\\Users\\brice\\Team8_CC_React\\CareConnect\\careconnect-react\\src\\theme\\styles.ts": {"path":"C:\\Users\\brice\\Team8_CC_React\\CareConnect\\careconnect-react\\src\\theme\\styles.ts","statementMap":{"0":{"start":{"line":1,"column":17},"end":{"line":23,"column":10}},"1":{"start":{"line":25,"column":17},"end":{"line":34,"column":1}},"2":{"start":{"line":36,"column":20},"end":{"line":42,"column":1}},"3":{"start":{"line":44,"column":25},"end":{"line":54,"column":1}},"4":{"start":{"line":56,"column":26},"end":{"line":66,"column":1}},"5":{"start":{"line":68,"column":27},"end":{"line":80,"column":1}}},"fnMap":{},"branchMap":{},"s":{"0":5,"1":5,"2":5,"3":5,"4":5,"5":5},"f":{},"b":{},"_coverageSchema":"1a1c01bbd47fc00a2c39e90264f33305004495a9","hash":"17a8055d2f893d7f9cf7ec4e8aaeecd9472d781f"}
}
