TN:
SF:src\components\AlertBanner.tsx
FN:13,AlertBanner
FNF:1
FNH:1
FNDA:7,AlertBanner
DA:14,7
LF:1
LH:1
BRDA:32,0,0,7
BRDA:32,0,1,3
BRDA:32,0,2,2
BRF:3
BRH:3
end_of_record
TN:
SF:src\components\AppBar.tsx
FN:13,AppBar
FNF:1
FNH:1
FNDA:9,AppBar
DA:14,9
DA:16,9
LF:2
LH:2
BRDA:13,0,0,7
BRDA:27,1,0,9
BRDA:27,1,1,3
BRDA:39,2,0,9
BRDA:39,2,1,1
BRF:5
BRH:5
end_of_record
TN:
SF:src\components\BottomNav.tsx
FN:19,BottomNav
FN:31,(anonymous_1)
FN:37,(anonymous_2)
FNF:3
FNH:3
FNDA:9,BottomNav
FNDA:45,(anonymous_1)
FNDA:5,(anonymous_2)
DA:6,1
DA:20,9
DA:22,9
DA:32,45
DA:33,45
DA:34,45
DA:37,5
LF:7
LH:7
BRDA:45,0,0,9
BRDA:45,0,1,36
BRDA:45,1,0,9
BRDA:45,1,1,36
BRDA:46,2,0,9
BRDA:46,2,1,36
BRDA:46,3,0,9
BRDA:46,3,1,36
BRF:8
BRH:8
end_of_record
TN:
SF:src\components\StatCard.tsx
FN:12,StatCard
FNF:1
FNH:1
FNDA:4,StatCard
DA:13,4
LF:1
LH:1
BRF:0
BRH:0
end_of_record
TN:
SF:src\screens\LoginScreen.tsx
FN:13,LoginScreen
FN:26,(anonymous_1)
FN:28,(anonymous_2)
FN:39,(anonymous_3)
FN:51,(anonymous_4)
FN:59,(anonymous_5)
FN:66,(anonymous_6)
FN:68,(anonymous_7)
FN:72,(anonymous_8)
FN:74,(anonymous_9)
FN:97,(anonymous_10)
FN:148,(anonymous_11)
FN:149,(anonymous_12)
FN:168,(anonymous_13)
FN:169,(anonymous_14)
FN:174,(anonymous_15)
FN:185,(anonymous_16)
FN:212,(anonymous_17)
FN:223,(anonymous_18)
FNF:19
FNH:10
FNDA:47,LoginScreen
FNDA:20,(anonymous_1)
FNDA:20,(anonymous_2)
FNDA:0,(anonymous_3)
FNDA:7,(anonymous_4)
FNDA:7,(anonymous_5)
FNDA:5,(anonymous_6)
FNDA:0,(anonymous_7)
FNDA:5,(anonymous_8)
FNDA:0,(anonymous_9)
FNDA:92,(anonymous_10)
FNDA:0,(anonymous_11)
FNDA:0,(anonymous_12)
FNDA:0,(anonymous_13)
FNDA:0,(anonymous_14)
FNDA:0,(anonymous_15)
FNDA:1,(anonymous_16)
FNDA:0,(anonymous_17)
FNDA:1,(anonymous_18)
DA:14,47
DA:15,47
DA:17,47
DA:18,46
DA:19,46
DA:20,46
DA:21,46
DA:22,46
DA:23,46
DA:24,46
DA:26,46
DA:27,20
DA:28,20
DA:29,20
DA:30,20
DA:31,20
DA:32,20
DA:33,0
DA:34,0
DA:39,46
DA:40,0
DA:46,0
DA:47,0
DA:51,46
DA:52,7
DA:53,7
DA:54,7
DA:55,7
DA:56,7
DA:59,46
DA:60,7
DA:61,7
DA:62,7
DA:63,3
DA:66,46
DA:67,5
DA:68,5
DA:69,5
DA:72,46
DA:73,5
DA:74,5
DA:75,5
DA:78,46
DA:98,92
DA:99,92
DA:148,0
DA:149,0
DA:168,0
DA:169,0
DA:174,0
DA:185,1
DA:212,0
DA:223,1
LF:53
LH:42
BRDA:32,0,0,0
BRDA:32,0,1,20
BRDA:32,1,0,20
BRDA:32,1,1,0
BRDA:32,1,2,0
BRDA:46,2,0,0
BRDA:46,2,1,0
BRDA:53,3,0,3
BRDA:53,3,1,4
BRDA:54,4,0,3
BRDA:54,4,1,4
BRDA:56,5,0,7
BRDA:56,5,1,4
BRDA:60,6,0,0
BRDA:60,6,1,7
BRDA:62,7,0,4
BRDA:62,7,1,3
BRDA:68,8,0,0
BRDA:68,8,1,5
BRDA:69,9,0,0
BRDA:69,9,1,5
BRDA:74,10,0,0
BRDA:74,10,1,5
BRDA:75,11,0,0
BRDA:75,11,1,5
BRDA:102,12,0,0
BRDA:102,12,1,92
BRDA:106,13,0,0
BRDA:106,13,1,92
BRDA:108,14,0,0
BRDA:108,14,1,92
BRDA:109,15,0,0
BRDA:109,15,1,92
BRDA:112,16,0,0
BRDA:112,16,1,92
BRDA:113,17,0,0
BRDA:113,17,1,92
BRDA:127,18,0,0
BRDA:127,18,1,46
BRDA:139,19,0,6
BRDA:139,19,1,40
BRDA:150,20,0,6
BRDA:150,20,1,40
BRDA:150,21,0,0
BRDA:150,21,1,40
BRDA:150,22,0,6
BRDA:150,22,1,40
BRDA:150,23,0,46
BRDA:150,23,1,40
BRDA:153,24,0,6
BRDA:153,24,1,40
BRDA:161,25,0,6
BRDA:161,25,1,40
BRDA:171,26,0,6
BRDA:171,26,1,40
BRDA:171,27,0,0
BRDA:171,27,1,40
BRDA:171,28,0,6
BRDA:171,28,1,40
BRDA:171,29,0,46
BRDA:171,29,1,40
BRDA:177,30,0,0
BRDA:177,30,1,46
BRDA:180,31,0,6
BRDA:180,31,1,40
BRDA:194,32,0,0
BRDA:194,32,1,46
BRDA:196,33,0,0
BRDA:196,33,1,46
BRDA:210,34,0,46
BRDA:210,34,1,0
BRF:71
BRH:48
end_of_record
TN:
SF:src\store\accountStore.ts
FN:42,getStoredPin
FN:51,getAccounts
FN:60,saveAccounts
FN:64,makeInitials
FN:65,(anonymous_4)
FN:68,(anonymous_5)
FN:76,(anonymous_6)
FN:79,(anonymous_7)
FN:82,(anonymous_8)
FN:105,(anonymous_9)
FN:107,(anonymous_10)
FN:110,(anonymous_11)
FN:132,(anonymous_12)
FN:134,(anonymous_13)
FN:137,(anonymous_14)
FN:139,(anonymous_15)
FN:146,(anonymous_16)
FN:148,(anonymous_17)
FN:150,(anonymous_18)
FN:154,(anonymous_19)
FN:159,(anonymous_20)
FN:163,(anonymous_21)
FN:175,(anonymous_22)
FN:180,(anonymous_23)
FN:184,(anonymous_24)
FN:188,(anonymous_25)
FN:200,(anonymous_26)
FN:205,(anonymous_27)
FNF:28
FNH:9
FNDA:0,getStoredPin
FNDA:13,getAccounts
FNDA:0,saveAccounts
FNDA:18,makeInitials
FNDA:36,(anonymous_4)
FNDA:1,(anonymous_5)
FNDA:13,(anonymous_6)
FNDA:13,(anonymous_7)
FNDA:19,(anonymous_8)
FNDA:0,(anonymous_9)
FNDA:0,(anonymous_10)
FNDA:0,(anonymous_11)
FNDA:0,(anonymous_12)
FNDA:0,(anonymous_13)
FNDA:0,(anonymous_14)
FNDA:0,(anonymous_15)
FNDA:0,(anonymous_16)
FNDA:4,(anonymous_17)
FNDA:5,(anonymous_18)
FNDA:0,(anonymous_19)
FNDA:0,(anonymous_20)
FNDA:0,(anonymous_21)
FNDA:0,(anonymous_22)
FNDA:0,(anonymous_23)
FNDA:0,(anonymous_24)
FNDA:0,(anonymous_25)
FNDA:0,(anonymous_26)
FNDA:0,(anonymous_27)
DA:4,1
DA:5,1
DA:6,1
DA:43,0
DA:44,0
DA:45,0
DA:47,0
DA:52,13
DA:53,13
DA:54,13
DA:56,0
DA:61,0
DA:65,36
DA:68,1
DA:77,13
DA:78,13
DA:79,13
DA:81,13
DA:82,19
DA:84,13
DA:85,0
DA:86,0
DA:89,13
DA:90,0
DA:91,0
DA:94,13
DA:95,13
DA:106,0
DA:107,0
DA:109,0
DA:110,0
DA:112,0
DA:113,0
DA:114,0
DA:117,0
DA:118,0
DA:120,0
DA:121,0
DA:129,0
DA:133,0
DA:134,0
DA:138,0
DA:139,0
DA:140,0
DA:141,0
DA:142,0
DA:143,0
DA:146,0
DA:148,4
DA:151,5
DA:155,0
DA:156,0
DA:160,0
DA:161,0
DA:162,0
DA:163,0
DA:164,0
DA:165,0
DA:172,0
DA:176,0
DA:177,0
DA:181,0
DA:185,0
DA:186,0
DA:187,0
DA:188,0
DA:189,0
DA:190,0
DA:197,0
DA:201,0
DA:202,0
DA:206,0
LF:72
LH:19
BRDA:45,0,0,0
BRDA:45,0,1,0
BRDA:54,1,0,13
BRDA:54,1,1,0
BRDA:77,2,0,0
BRDA:77,2,1,13
BRDA:77,3,0,13
BRDA:77,3,1,13
BRDA:84,4,0,0
BRDA:84,4,1,13
BRDA:89,5,0,0
BRDA:89,5,1,13
BRDA:112,6,0,0
BRDA:112,6,1,0
BRDA:140,7,0,0
BRDA:140,7,1,0
BRDA:161,8,0,0
BRDA:161,8,1,0
BRDA:161,9,0,0
BRDA:161,9,1,0
BRDA:164,10,0,0
BRDA:164,10,1,0
BRDA:186,11,0,0
BRDA:186,11,1,0
BRDA:189,12,0,0
BRDA:189,12,1,0
BRF:26
BRH:6
end_of_record
TN:
SF:src\store\appointmentsStore.ts
FN:42,(anonymous_0)
FN:45,(anonymous_1)
FN:45,(anonymous_2)
FN:49,(anonymous_3)
FN:49,(anonymous_4)
FN:50,(anonymous_5)
FN:55,(anonymous_6)
FN:55,(anonymous_7)
FN:56,(anonymous_8)
FN:61,(anonymous_9)
FN:61,(anonymous_10)
FN:62,(anonymous_11)
FNF:12
FNH:12
FNDA:1,(anonymous_0)
FNDA:5,(anonymous_1)
FNDA:5,(anonymous_2)
FNDA:6,(anonymous_3)
FNDA:6,(anonymous_4)
FNDA:18,(anonymous_5)
FNDA:4,(anonymous_6)
FNDA:4,(anonymous_7)
FNDA:12,(anonymous_8)
FNDA:5,(anonymous_9)
FNDA:5,(anonymous_10)
FNDA:15,(anonymous_11)
DA:12,1
DA:42,1
DA:45,5
DA:49,6
DA:51,18
DA:55,4
DA:57,12
DA:61,5
DA:63,15
LF:9
LH:9
BRDA:51,0,0,5
BRDA:51,0,1,13
BRDA:57,1,0,4
BRDA:57,1,1,8
BRDA:63,2,0,5
BRDA:63,2,1,10
BRF:6
BRH:6
end_of_record
TN:
SF:src\store\careTeamStore.ts
FN:38,(anonymous_0)
FN:41,(anonymous_1)
FN:41,(anonymous_2)
FN:45,(anonymous_3)
FN:45,(anonymous_4)
FN:46,(anonymous_5)
FN:49,(anonymous_6)
FN:49,(anonymous_7)
FN:50,(anonymous_8)
FNF:9
FNH:9
FNDA:1,(anonymous_0)
FNDA:6,(anonymous_1)
FNDA:6,(anonymous_2)
FNDA:7,(anonymous_3)
FNDA:7,(anonymous_4)
FNDA:18,(anonymous_5)
FNDA:9,(anonymous_6)
FNDA:9,(anonymous_7)
FNDA:27,(anonymous_8)
DA:11,1
DA:38,1
DA:41,6
DA:45,7
DA:46,18
DA:49,9
DA:50,27
LF:7
LH:7
BRDA:50,0,0,9
BRDA:50,0,1,18
BRF:2
BRH:2
end_of_record
TN:
SF:src\store\healthMetricsStore.ts
FN:11,(anonymous_0)
FN:80,(anonymous_1)
FN:84,(anonymous_2)
FN:86,(anonymous_3)
FN:88,(anonymous_4)
FN:90,(anonymous_5)
FNF:6
FNH:6
FNDA:28,(anonymous_0)
FNDA:1,(anonymous_1)
FNDA:11,(anonymous_2)
FNDA:11,(anonymous_3)
FNDA:11,(anonymous_4)
FNDA:44,(anonymous_5)
DA:10,1
DA:11,28
DA:13,1
DA:80,1
DA:85,11
DA:86,11
DA:87,11
DA:88,11
DA:91,44
LF:9
LH:9
BRDA:91,0,0,11
BRDA:91,0,1,33
BRDA:92,1,0,2
BRDA:92,1,1,9
BRF:4
BRH:4
end_of_record
TN:
SF:src\store\healthReportsStore.ts
FN:27,(anonymous_0)
FN:31,(anonymous_1)
FN:33,(anonymous_2)
FN:41,(anonymous_3)
FNF:4
FNH:4
FNDA:1,(anonymous_0)
FNDA:12,(anonymous_1)
FNDA:12,(anonymous_2)
FNDA:12,(anonymous_3)
DA:10,1
DA:27,1
DA:32,12
DA:33,12
DA:34,12
DA:41,12
LF:6
LH:6
BRF:0
BRH:0
end_of_record
TN:
SF:src\store\medicationsStore.ts
FN:23,(anonymous_0)
FN:27,(anonymous_1)
FN:27,(anonymous_2)
FN:28,(anonymous_3)
FN:31,(anonymous_4)
FN:31,(anonymous_5)
FN:32,(anonymous_6)
FN:35,(anonymous_7)
FN:37,(anonymous_8)
FN:37,(anonymous_9)
FN:41,(anonymous_10)
FN:41,(anonymous_11)
FN:42,(anonymous_12)
FNF:13
FNH:13
FNDA:1,(anonymous_0)
FNDA:6,(anonymous_1)
FNDA:6,(anonymous_2)
FNDA:36,(anonymous_3)
FNDA:4,(anonymous_4)
FNDA:4,(anonymous_5)
FNDA:24,(anonymous_6)
FNDA:5,(anonymous_7)
FNDA:6,(anonymous_8)
FNDA:6,(anonymous_9)
FNDA:10,(anonymous_10)
FNDA:10,(anonymous_11)
FNDA:45,(anonymous_12)
DA:14,1
DA:23,1
DA:27,6
DA:28,36
DA:31,4
DA:32,24
DA:35,5
DA:37,6
DA:41,10
DA:42,45
LF:10
LH:10
BRDA:28,0,0,5
BRDA:28,0,1,31
BRDA:32,1,0,4
BRDA:32,1,1,20
BRF:4
BRH:4
end_of_record
TN:
SF:src\store\remindersStore.ts
FN:19,(anonymous_0)
FN:22,(anonymous_1)
FN:22,(anonymous_2)
FN:26,(anonymous_3)
FN:26,(anonymous_4)
FN:27,(anonymous_5)
FN:30,(anonymous_6)
FN:30,(anonymous_7)
FN:31,(anonymous_8)
FN:34,(anonymous_9)
FN:34,(anonymous_10)
FN:35,(anonymous_11)
FNF:12
FNH:12
FNDA:1,(anonymous_0)
FNDA:6,(anonymous_1)
FNDA:6,(anonymous_2)
FNDA:8,(anonymous_3)
FNDA:8,(anonymous_4)
FNDA:26,(anonymous_5)
FNDA:6,(anonymous_6)
FNDA:6,(anonymous_7)
FNDA:24,(anonymous_8)
FNDA:6,(anonymous_9)
FNDA:6,(anonymous_10)
FNDA:24,(anonymous_11)
DA:12,1
DA:19,1
DA:22,6
DA:26,8
DA:27,26
DA:30,6
DA:31,24
DA:34,6
DA:35,24
LF:9
LH:9
BRDA:31,0,0,6
BRDA:31,0,1,18
BRDA:35,1,0,6
BRDA:35,1,1,18
BRF:4
BRH:4
end_of_record
TN:
SF:src\theme\styles.ts
FNF:0
FNH:0
DA:1,5
DA:25,5
DA:36,5
DA:44,5
DA:56,5
DA:68,5
LF:6
LH:6
BRF:0
BRH:0
end_of_record
