TN:
SF:src\components\AlertBanner.tsx
FN:13,AlertBanner
FNF:1
FNH:1
FNDA:7,AlertBanner
DA:14,7
LF:1
LH:1
BRDA:32,0,0,7
BRDA:32,0,1,3
BRDA:32,0,2,2
BRF:3
BRH:3
end_of_record
TN:
SF:src\components\AppBar.tsx
FN:13,AppBar
FNF:1
FNH:1
FNDA:9,AppBar
DA:14,9
DA:16,9
LF:2
LH:2
BRDA:13,0,0,7
BRDA:27,1,0,9
BRDA:27,1,1,3
BRDA:39,2,0,9
BRDA:39,2,1,1
BRF:5
BRH:5
end_of_record
TN:
SF:src\components\BottomNav.tsx
FN:19,BottomNav
FN:31,(anonymous_1)
FN:37,(anonymous_2)
FNF:3
FNH:3
FNDA:9,BottomNav
FNDA:45,(anonymous_1)
FNDA:5,(anonymous_2)
DA:6,1
DA:20,9
DA:22,9
DA:32,45
DA:33,45
DA:34,45
DA:37,5
LF:7
LH:7
BRDA:45,0,0,9
BRDA:45,0,1,36
BRDA:45,1,0,9
BRDA:45,1,1,36
BRDA:46,2,0,9
BRDA:46,2,1,36
BRDA:46,3,0,9
BRDA:46,3,1,36
BRF:8
BRH:8
end_of_record
TN:
SF:src\components\StatCard.tsx
FN:12,StatCard
FNF:1
FNH:1
FNDA:4,StatCard
DA:13,4
LF:1
LH:1
BRF:0
BRH:0
end_of_record
TN:
SF:src\screens\LoginScreen.tsx
FN:12,LoginScreen
FN:22,(anonymous_1)
FN:30,(anonymous_2)
FN:37,(anonymous_3)
FN:39,(anonymous_4)
FN:43,(anonymous_5)
FN:45,(anonymous_6)
FN:65,(anonymous_7)
FN:102,(anonymous_8)
FN:103,(anonymous_9)
FN:122,(anonymous_10)
FN:123,(anonymous_11)
FN:128,(anonymous_12)
FN:139,(anonymous_13)
FN:172,(anonymous_14)
FNF:15
FNH:8
FNDA:37,LoginScreen
FNDA:7,(anonymous_1)
FNDA:7,(anonymous_2)
FNDA:5,(anonymous_3)
FNDA:0,(anonymous_4)
FNDA:5,(anonymous_5)
FNDA:0,(anonymous_6)
FNDA:74,(anonymous_7)
FNDA:0,(anonymous_8)
FNDA:0,(anonymous_9)
FNDA:0,(anonymous_10)
FNDA:0,(anonymous_11)
FNDA:0,(anonymous_12)
FNDA:1,(anonymous_13)
FNDA:1,(anonymous_14)
DA:13,37
DA:14,37
DA:15,37
DA:16,37
DA:17,37
DA:18,37
DA:19,37
DA:20,37
DA:22,37
DA:23,7
DA:24,7
DA:25,7
DA:26,7
DA:27,7
DA:30,37
DA:31,7
DA:32,7
DA:33,7
DA:34,3
DA:37,37
DA:38,5
DA:39,5
DA:40,5
DA:43,37
DA:44,5
DA:45,5
DA:46,5
DA:49,37
DA:66,74
DA:102,0
DA:103,0
DA:122,0
DA:123,0
DA:128,0
DA:139,1
DA:172,1
LF:36
LH:31
BRDA:24,0,0,3
BRDA:24,0,1,4
BRDA:25,1,0,3
BRDA:25,1,1,4
BRDA:27,2,0,7
BRDA:27,2,1,4
BRDA:31,3,0,0
BRDA:31,3,1,7
BRDA:33,4,0,4
BRDA:33,4,1,3
BRDA:39,5,0,0
BRDA:39,5,1,5
BRDA:40,6,0,0
BRDA:40,6,1,5
BRDA:45,7,0,0
BRDA:45,7,1,5
BRDA:46,8,0,0
BRDA:46,8,1,5
BRDA:81,9,0,0
BRDA:81,9,1,37
BRDA:93,10,0,3
BRDA:93,10,1,34
BRDA:104,11,0,3
BRDA:104,11,1,34
BRDA:104,12,0,0
BRDA:104,12,1,34
BRDA:104,13,0,3
BRDA:104,13,1,34
BRDA:104,14,0,37
BRDA:104,14,1,34
BRDA:107,15,0,3
BRDA:107,15,1,34
BRDA:115,16,0,3
BRDA:115,16,1,34
BRDA:125,17,0,3
BRDA:125,17,1,34
BRDA:125,18,0,0
BRDA:125,18,1,34
BRDA:125,19,0,3
BRDA:125,19,1,34
BRDA:125,20,0,37
BRDA:125,20,1,34
BRDA:131,21,0,0
BRDA:131,21,1,37
BRDA:134,22,0,3
BRDA:134,22,1,34
BRDA:148,23,0,0
BRDA:148,23,1,37
BRDA:150,24,0,0
BRDA:150,24,1,37
BRF:50
BRH:39
end_of_record
TN:
SF:src\store\accountStore.ts
FN:28,getAccounts
FN:37,saveAccounts
FN:41,makeInitials
FN:42,(anonymous_3)
FN:45,(anonymous_4)
FN:53,(anonymous_5)
FN:56,(anonymous_6)
FN:59,(anonymous_7)
FN:81,(anonymous_8)
FN:83,(anonymous_9)
FN:86,(anonymous_10)
FN:107,(anonymous_11)
FN:109,(anonymous_12)
FN:112,(anonymous_13)
FN:114,(anonymous_14)
FN:121,(anonymous_15)
FN:123,(anonymous_16)
FN:125,(anonymous_17)
FNF:18
FNH:8
FNDA:13,getAccounts
FNDA:0,saveAccounts
FNDA:5,makeInitials
FNDA:10,(anonymous_3)
FNDA:1,(anonymous_4)
FNDA:13,(anonymous_5)
FNDA:13,(anonymous_6)
FNDA:0,(anonymous_7)
FNDA:0,(anonymous_8)
FNDA:0,(anonymous_9)
FNDA:0,(anonymous_10)
FNDA:0,(anonymous_11)
FNDA:0,(anonymous_12)
FNDA:0,(anonymous_13)
FNDA:0,(anonymous_14)
FNDA:0,(anonymous_15)
FNDA:4,(anonymous_16)
FNDA:5,(anonymous_17)
DA:4,1
DA:29,13
DA:30,13
DA:31,13
DA:33,0
DA:38,0
DA:42,10
DA:45,1
DA:54,13
DA:55,13
DA:56,13
DA:58,13
DA:59,13
DA:61,13
DA:62,13
DA:63,13
DA:66,0
DA:67,0
DA:68,0
DA:71,0
DA:82,0
DA:83,0
DA:85,0
DA:86,0
DA:88,0
DA:89,0
DA:90,0
DA:93,0
DA:94,0
DA:96,0
DA:104,0
DA:108,0
DA:109,0
DA:113,0
DA:114,0
DA:115,0
DA:116,0
DA:117,0
DA:118,0
DA:121,0
DA:123,4
DA:126,5
LF:42
LH:16
BRDA:31,0,0,0
BRDA:31,0,1,13
BRDA:54,1,0,0
BRDA:54,1,1,13
BRDA:54,2,0,13
BRDA:54,2,1,13
BRDA:61,3,0,13
BRDA:61,3,1,0
BRDA:66,4,0,0
BRDA:66,4,1,0
BRDA:88,5,0,0
BRDA:88,5,1,0
BRDA:115,6,0,0
BRDA:115,6,1,0
BRF:14
BRH:5
end_of_record
TN:
SF:src\store\appointmentsStore.ts
FN:42,(anonymous_0)
FN:45,(anonymous_1)
FN:45,(anonymous_2)
FN:49,(anonymous_3)
FN:49,(anonymous_4)
FN:50,(anonymous_5)
FN:55,(anonymous_6)
FN:55,(anonymous_7)
FN:56,(anonymous_8)
FN:61,(anonymous_9)
FN:61,(anonymous_10)
FN:62,(anonymous_11)
FNF:12
FNH:12
FNDA:1,(anonymous_0)
FNDA:5,(anonymous_1)
FNDA:5,(anonymous_2)
FNDA:6,(anonymous_3)
FNDA:6,(anonymous_4)
FNDA:18,(anonymous_5)
FNDA:4,(anonymous_6)
FNDA:4,(anonymous_7)
FNDA:12,(anonymous_8)
FNDA:5,(anonymous_9)
FNDA:5,(anonymous_10)
FNDA:15,(anonymous_11)
DA:12,1
DA:42,1
DA:45,5
DA:49,6
DA:51,18
DA:55,4
DA:57,12
DA:61,5
DA:63,15
LF:9
LH:9
BRDA:51,0,0,5
BRDA:51,0,1,13
BRDA:57,1,0,4
BRDA:57,1,1,8
BRDA:63,2,0,5
BRDA:63,2,1,10
BRF:6
BRH:6
end_of_record
TN:
SF:src\store\careTeamStore.ts
FN:38,(anonymous_0)
FN:41,(anonymous_1)
FN:41,(anonymous_2)
FN:45,(anonymous_3)
FN:45,(anonymous_4)
FN:46,(anonymous_5)
FN:49,(anonymous_6)
FN:49,(anonymous_7)
FN:50,(anonymous_8)
FNF:9
FNH:9
FNDA:1,(anonymous_0)
FNDA:6,(anonymous_1)
FNDA:6,(anonymous_2)
FNDA:7,(anonymous_3)
FNDA:7,(anonymous_4)
FNDA:18,(anonymous_5)
FNDA:9,(anonymous_6)
FNDA:9,(anonymous_7)
FNDA:27,(anonymous_8)
DA:11,1
DA:38,1
DA:41,6
DA:45,7
DA:46,18
DA:49,9
DA:50,27
LF:7
LH:7
BRDA:50,0,0,9
BRDA:50,0,1,18
BRF:2
BRH:2
end_of_record
TN:
SF:src\store\healthMetricsStore.ts
FN:11,(anonymous_0)
FN:80,(anonymous_1)
FN:84,(anonymous_2)
FN:86,(anonymous_3)
FN:88,(anonymous_4)
FN:90,(anonymous_5)
FNF:6
FNH:6
FNDA:28,(anonymous_0)
FNDA:1,(anonymous_1)
FNDA:11,(anonymous_2)
FNDA:11,(anonymous_3)
FNDA:11,(anonymous_4)
FNDA:44,(anonymous_5)
DA:10,1
DA:11,28
DA:13,1
DA:80,1
DA:85,11
DA:86,11
DA:87,11
DA:88,11
DA:91,44
LF:9
LH:9
BRDA:91,0,0,11
BRDA:91,0,1,33
BRDA:92,1,0,2
BRDA:92,1,1,9
BRF:4
BRH:4
end_of_record
TN:
SF:src\store\healthReportsStore.ts
FN:27,(anonymous_0)
FN:31,(anonymous_1)
FN:33,(anonymous_2)
FN:41,(anonymous_3)
FNF:4
FNH:4
FNDA:1,(anonymous_0)
FNDA:12,(anonymous_1)
FNDA:12,(anonymous_2)
FNDA:12,(anonymous_3)
DA:10,1
DA:27,1
DA:32,12
DA:33,12
DA:34,12
DA:41,12
LF:6
LH:6
BRF:0
BRH:0
end_of_record
TN:
SF:src\store\medicationsStore.ts
FN:23,(anonymous_0)
FN:27,(anonymous_1)
FN:27,(anonymous_2)
FN:28,(anonymous_3)
FN:31,(anonymous_4)
FN:31,(anonymous_5)
FN:32,(anonymous_6)
FN:35,(anonymous_7)
FN:37,(anonymous_8)
FN:37,(anonymous_9)
FN:41,(anonymous_10)
FN:41,(anonymous_11)
FN:42,(anonymous_12)
FNF:13
FNH:13
FNDA:1,(anonymous_0)
FNDA:6,(anonymous_1)
FNDA:6,(anonymous_2)
FNDA:36,(anonymous_3)
FNDA:4,(anonymous_4)
FNDA:4,(anonymous_5)
FNDA:24,(anonymous_6)
FNDA:5,(anonymous_7)
FNDA:6,(anonymous_8)
FNDA:6,(anonymous_9)
FNDA:10,(anonymous_10)
FNDA:10,(anonymous_11)
FNDA:45,(anonymous_12)
DA:14,1
DA:23,1
DA:27,6
DA:28,36
DA:31,4
DA:32,24
DA:35,5
DA:37,6
DA:41,10
DA:42,45
LF:10
LH:10
BRDA:28,0,0,5
BRDA:28,0,1,31
BRDA:32,1,0,4
BRDA:32,1,1,20
BRF:4
BRH:4
end_of_record
TN:
SF:src\store\remindersStore.ts
FN:19,(anonymous_0)
FN:22,(anonymous_1)
FN:22,(anonymous_2)
FN:26,(anonymous_3)
FN:26,(anonymous_4)
FN:27,(anonymous_5)
FN:30,(anonymous_6)
FN:30,(anonymous_7)
FN:31,(anonymous_8)
FN:34,(anonymous_9)
FN:34,(anonymous_10)
FN:35,(anonymous_11)
FNF:12
FNH:12
FNDA:1,(anonymous_0)
FNDA:6,(anonymous_1)
FNDA:6,(anonymous_2)
FNDA:8,(anonymous_3)
FNDA:8,(anonymous_4)
FNDA:26,(anonymous_5)
FNDA:6,(anonymous_6)
FNDA:6,(anonymous_7)
FNDA:24,(anonymous_8)
FNDA:6,(anonymous_9)
FNDA:6,(anonymous_10)
FNDA:24,(anonymous_11)
DA:12,1
DA:19,1
DA:22,6
DA:26,8
DA:27,26
DA:30,6
DA:31,24
DA:34,6
DA:35,24
LF:9
LH:9
BRDA:31,0,0,6
BRDA:31,0,1,18
BRDA:35,1,0,6
BRDA:35,1,1,18
BRF:4
BRH:4
end_of_record
TN:
SF:src\theme\styles.ts
FNF:0
FNH:0
DA:1,5
DA:25,5
DA:36,5
DA:44,5
DA:56,5
DA:68,5
LF:6
LH:6
BRF:0
BRH:0
end_of_record
